TpTrace Verbose: 0 : 22312, 1, 2024/05/03, 12:14:45.897, 2707386303799, vstest.console.dll, Version: 17.4.0-release-20221019-01 Current process architecture: X64
TpTrace Verbose: 0 : 22312, 1, 2024/05/03, 12:14:45.900, 2707386336707, vstest.console.dll, Runtime location: C:\Program Files\dotnet\shared\Microsoft.NETCore.App\7.0.2
TpTrace Verbose: 0 : 22312, 1, 2024/05/03, 12:14:45.906, 2707386391195, vstest.console.dll, ArtifactProcessingPostProcessModeProcessorExecutor.Initialize: ArtifactProcessingMode.Collect
TpTrace Verbose: 0 : 22312, 1, 2024/05/03, 12:14:45.906, 2707386394092, vstest.console.dll, TestSessionCorrelationIdProcessorModeProcessorExecutor.Initialize: TestSessionCorrelationId '24212_ba168b6a-af7b-499b-b48d-8544fa68f988'
TpTrace Information: 0 : 22312, 1, 2024/05/03, 12:14:45.916, 2707386492799, vstest.console.dll, FilePatternParser: The given file C:\Users\Daniel Martins\Desktop\Cofidis\ApiCofidisMicroCredit\ApiCofidisMicroCreditTests\bin\Debug\net6.0\fine-code-coverage\build-output\ApiCofidisMicroCreditTests.dll is a full path.
TpTrace Verbose: 0 : 22312, 1, 2024/05/03, 12:14:45.930, 2707386635150, vstest.console.dll, TestPluginCache.DiscoverTestExtensions: finding test extensions in assemblies ends with: RuntimeProvider.dll TPluginInfo: Microsoft.VisualStudio.TestPlatform.Common.ExtensionFramework.Utilities.TestRuntimePluginInformation TExtension: Microsoft.VisualStudio.TestPlatform.ObjectModel.Host.ITestRuntimeProvider
TpTrace Verbose: 0 : 22312, 1, 2024/05/03, 12:14:45.930, 2707386638103, vstest.console.dll, TestPluginCache.GetExtensionPaths: Filtered extension paths: 
TpTrace Verbose: 0 : 22312, 1, 2024/05/03, 12:14:45.931, 2707386638975, vstest.console.dll, TestPluginCache.GetExtensionPaths: Added default extension paths: C:\Program Files\dotnet\sdk\7.0.102\Extensions\Microsoft.Diagnostics.NETCore.Client.dll
C:\Program Files\dotnet\sdk\7.0.102\Extensions\Microsoft.TestPlatform.Extensions.BlameDataCollector.dll
C:\Program Files\dotnet\sdk\7.0.102\Extensions\Microsoft.TestPlatform.Extensions.EventLogCollector.dll
C:\Program Files\dotnet\sdk\7.0.102\Extensions\Microsoft.TestPlatform.TestHostRuntimeProvider.dll
C:\Program Files\dotnet\sdk\7.0.102\Extensions\Microsoft.VisualStudio.TestPlatform.Extensions.Html.TestLogger.dll
C:\Program Files\dotnet\sdk\7.0.102\Extensions\Microsoft.VisualStudio.TestPlatform.Extensions.Trx.TestLogger.dll
TpTrace Verbose: 0 : 22312, 1, 2024/05/03, 12:14:45.931, 2707386640432, vstest.console.dll, TestPluginCache.GetExtensionPaths: Added unfilterableExtensionPaths: 
TpTrace Information: 0 : 22312, 1, 2024/05/03, 12:14:45.932, 2707386652846, vstest.console.dll, AssemblyResolver.ctor: Creating AssemblyResolver with searchDirectories C:\Program Files\dotnet\sdk\7.0.102\Extensions,C:\Program Files\dotnet\sdk\7.0.102
TpTrace Verbose: 0 : 22312, 1, 2024/05/03, 12:14:45.934, 2707386673529, vstest.console.dll, TestPluginCache.DiscoverTestExtensions: Discovering the extensions using extension path.
TpTrace Verbose: 0 : 22312, 1, 2024/05/03, 12:14:45.934, 2707386675739, vstest.console.dll, TestPluginCache.GetExtensionPaths: Filtered extension paths: 
TpTrace Verbose: 0 : 22312, 1, 2024/05/03, 12:14:45.934, 2707386676359, vstest.console.dll, TestPluginCache.GetExtensionPaths: Added default extension paths: C:\Program Files\dotnet\sdk\7.0.102\Extensions\Microsoft.Diagnostics.NETCore.Client.dll
C:\Program Files\dotnet\sdk\7.0.102\Extensions\Microsoft.TestPlatform.Extensions.BlameDataCollector.dll
C:\Program Files\dotnet\sdk\7.0.102\Extensions\Microsoft.TestPlatform.Extensions.EventLogCollector.dll
C:\Program Files\dotnet\sdk\7.0.102\Extensions\Microsoft.TestPlatform.TestHostRuntimeProvider.dll
C:\Program Files\dotnet\sdk\7.0.102\Extensions\Microsoft.VisualStudio.TestPlatform.Extensions.Html.TestLogger.dll
C:\Program Files\dotnet\sdk\7.0.102\Extensions\Microsoft.VisualStudio.TestPlatform.Extensions.Trx.TestLogger.dll
TpTrace Verbose: 0 : 22312, 1, 2024/05/03, 12:14:45.934, 2707386676813, vstest.console.dll, TestPluginCache.GetExtensionPaths: Added unfilterableExtensionPaths: 
TpTrace Verbose: 0 : 22312, 1, 2024/05/03, 12:14:45.935, 2707386678874, vstest.console.dll, TestPluginCache.DiscoverTestExtensions: Discovering the extensions using allExtensionPaths: C:\Program Files\dotnet\sdk\7.0.102\Extensions\Microsoft.Diagnostics.NETCore.Client.dll
C:\Program Files\dotnet\sdk\7.0.102\Extensions\Microsoft.TestPlatform.Extensions.BlameDataCollector.dll
C:\Program Files\dotnet\sdk\7.0.102\Extensions\Microsoft.TestPlatform.Extensions.EventLogCollector.dll
C:\Program Files\dotnet\sdk\7.0.102\Extensions\Microsoft.TestPlatform.TestHostRuntimeProvider.dll
C:\Program Files\dotnet\sdk\7.0.102\Extensions\Microsoft.VisualStudio.TestPlatform.Extensions.Html.TestLogger.dll
C:\Program Files\dotnet\sdk\7.0.102\Extensions\Microsoft.VisualStudio.TestPlatform.Extensions.Trx.TestLogger.dll
TpTrace Information: 0 : 22312, 1, 2024/05/03, 12:14:45.935, 2707386680417, vstest.console.dll, AssemblyResolver.AddSearchDirectories: Adding more searchDirectories C:\Program Files\dotnet\sdk\7.0.102\Extensions,C:\Program Files\dotnet\sdk\7.0.102
TpTrace Information: 0 : 22312, 1, 2024/05/03, 12:14:45.935, 2707386681200, vstest.console.dll, AssemblyResolver.AddSearchDirectories: Adding more searchDirectories C:\Program Files\dotnet\sdk\7.0.102\Extensions,C:\Program Files\dotnet\sdk\7.0.102
TpTrace Information: 0 : 22312, 1, 2024/05/03, 12:14:45.935, 2707386681748, vstest.console.dll, AssemblyResolver.AddSearchDirectories: Adding more searchDirectories C:\Program Files\dotnet\sdk\7.0.102\Extensions,C:\Program Files\dotnet\sdk\7.0.102
TpTrace Information: 0 : 22312, 1, 2024/05/03, 12:14:45.935, 2707386682130, vstest.console.dll, AssemblyResolver.AddSearchDirectories: Adding more searchDirectories C:\Program Files\dotnet\sdk\7.0.102\Extensions,C:\Program Files\dotnet\sdk\7.0.102
TpTrace Information: 0 : 22312, 1, 2024/05/03, 12:14:45.935, 2707386682436, vstest.console.dll, AssemblyResolver.AddSearchDirectories: Adding more searchDirectories C:\Program Files\dotnet\sdk\7.0.102\Extensions,C:\Program Files\dotnet\sdk\7.0.102
TpTrace Information: 0 : 22312, 1, 2024/05/03, 12:14:45.935, 2707386682679, vstest.console.dll, AssemblyResolver.AddSearchDirectories: Adding more searchDirectories C:\Program Files\dotnet\sdk\7.0.102\Extensions,C:\Program Files\dotnet\sdk\7.0.102
TpTrace Information: 0 : 22312, 1, 2024/05/03, 12:14:45.936, 2707386688970, vstest.console.dll, AssemblyResolver.OnResolve: Microsoft.Diagnostics.NETCore.Client: Resolving assembly.
TpTrace Information: 0 : 22312, 1, 2024/05/03, 12:14:45.936, 2707386689885, vstest.console.dll, AssemblyResolver.OnResolve: Microsoft.Diagnostics.NETCore.Client: Searching in: 'C:\Program Files\dotnet\sdk\7.0.102\Extensions'.
TpTrace Information: 0 : 22312, 1, 2024/05/03, 12:14:45.953, 2707386860638, vstest.console.dll, AssemblyResolver.OnResolve: Microsoft.Diagnostics.NETCore.Client: Loading assembly 'C:\Program Files\dotnet\sdk\7.0.102\Extensions\Microsoft.Diagnostics.NETCore.Client.dll'.
TpTrace Information: 0 : 22312, 1, 2024/05/03, 12:14:45.955, 2707386883381, vstest.console.dll, AssemblyResolver.OnResolve: Resolved assembly: Microsoft.Diagnostics.NETCore.Client, from path: C:\Program Files\dotnet\sdk\7.0.102\Extensions\Microsoft.Diagnostics.NETCore.Client.dll
TpTrace Verbose: 0 : 22312, 1, 2024/05/03, 12:14:45.957, 2707386903504, vstest.console.dll, MetadataReaderExtensionsHelper: Discovering extensions inside assembly 'Microsoft.Diagnostics.NETCore.Client, Version=0.2.6.42401, Culture=neutral, PublicKeyToken=31bf3856ad364e35' file path 'C:\Program Files\dotnet\sdk\7.0.102\Extensions\Microsoft.Diagnostics.NETCore.Client.dll'
TpTrace Information: 0 : 22312, 1, 2024/05/03, 12:14:45.961, 2707386948488, vstest.console.dll, AssemblyResolver.OnResolve: Microsoft.Bcl.AsyncInterfaces: Resolving assembly.
TpTrace Information: 0 : 22312, 1, 2024/05/03, 12:14:45.962, 2707386949333, vstest.console.dll, AssemblyResolver.OnResolve: Microsoft.Bcl.AsyncInterfaces: Searching in: 'C:\Program Files\dotnet\sdk\7.0.102\Extensions'.
TpTrace Information: 0 : 22312, 1, 2024/05/03, 12:14:45.962, 2707386950106, vstest.console.dll, AssemblyResolver.OnResolve: Microsoft.Bcl.AsyncInterfaces: Assembly path does not exist: 'C:\Program Files\dotnet\sdk\7.0.102\Extensions\Microsoft.Bcl.AsyncInterfaces.dll', returning.
TpTrace Information: 0 : 22312, 1, 2024/05/03, 12:14:45.962, 2707386951155, vstest.console.dll, AssemblyResolver.OnResolve: Microsoft.Bcl.AsyncInterfaces: Assembly path does not exist: 'C:\Program Files\dotnet\sdk\7.0.102\Extensions\Microsoft.Bcl.AsyncInterfaces.exe', returning.
TpTrace Information: 0 : 22312, 1, 2024/05/03, 12:14:45.962, 2707386951523, vstest.console.dll, AssemblyResolver.OnResolve: Microsoft.Bcl.AsyncInterfaces: Searching in: 'C:\Program Files\dotnet\sdk\7.0.102'.
TpTrace Information: 0 : 22312, 1, 2024/05/03, 12:14:45.962, 2707386951989, vstest.console.dll, AssemblyResolver.OnResolve: Microsoft.Bcl.AsyncInterfaces: Assembly path does not exist: 'C:\Program Files\dotnet\sdk\7.0.102\Microsoft.Bcl.AsyncInterfaces.dll', returning.
TpTrace Information: 0 : 22312, 1, 2024/05/03, 12:14:45.962, 2707386952392, vstest.console.dll, AssemblyResolver.OnResolve: Microsoft.Bcl.AsyncInterfaces: Assembly path does not exist: 'C:\Program Files\dotnet\sdk\7.0.102\Microsoft.Bcl.AsyncInterfaces.exe', returning.
TpTrace Information: 0 : 22312, 1, 2024/05/03, 12:14:45.962, 2707386952628, vstest.console.dll, AssemblyResolver.OnResolve: Microsoft.Bcl.AsyncInterfaces: Failed to load assembly.
TpTrace Verbose: 0 : 22312, 1, 2024/05/03, 12:14:45.962, 2707386953000, vstest.console.dll, CurrentDomainAssemblyResolve: Resolving assembly 'Microsoft.Bcl.AsyncInterfaces'.
TpTrace Information: 0 : 22312, 1, 2024/05/03, 12:14:45.962, 2707386953579, vstest.console.dll, AssemblyResolver.OnResolve: Microsoft.Bcl.AsyncInterfaces: Resolving assembly.
TpTrace Information: 0 : 22312, 1, 2024/05/03, 12:14:45.962, 2707386953911, vstest.console.dll, AssemblyResolver.OnResolve: Microsoft.Bcl.AsyncInterfaces: Resolved from cache.
TpTrace Verbose: 0 : 22312, 1, 2024/05/03, 12:14:45.962, 2707386954147, vstest.console.dll, CurrentDomainAssemblyResolve: Resolving assembly 'Microsoft.Bcl.AsyncInterfaces'.
TpTrace Verbose: 0 : 22312, 1, 2024/05/03, 12:14:45.962, 2707386954448, vstest.console.dll, CurrentDomainAssemblyResolve: Failed to resolve assembly 'Microsoft.Bcl.AsyncInterfaces'.
TpTrace Verbose: 0 : 22312, 1, 2024/05/03, 12:14:45.968, 2707387018085, vstest.console.dll, CurrentDomainAssemblyResolve: Failed to resolve assembly 'Microsoft.Bcl.AsyncInterfaces'.
TpTrace Warning: 0 : 22312, 1, 2024/05/03, 12:14:45.983, 2707387159284, vstest.console.dll, TestPluginDiscoverer: Failed to get types from assembly 'Microsoft.Diagnostics.NETCore.Client, Version=0.2.6.42401, Culture=neutral, PublicKeyToken=31bf3856ad364e35'. Error: System.Reflection.ReflectionTypeLoadException: Unable to load one or more of the requested types.
Could not load file or assembly 'Microsoft.Bcl.AsyncInterfaces, Version=1.0.0.0, Culture=neutral, PublicKeyToken=cc7b13ffcd2ddd51'. O sistema não conseguiu localizar o ficheiro especificado.
   at System.Reflection.RuntimeModule.GetTypes(RuntimeModule module)
   at System.Reflection.Assembly.GetTypes()
   at Microsoft.VisualStudio.TestPlatform.Common.ExtensionFramework.TestPluginDiscoverer.GetTestExtensionsFromAssembly[TPluginInfo,TExtension](Assembly assembly, Dictionary`2 pluginInfos, String filePath)
System.IO.FileNotFoundException: Could not load file or assembly 'Microsoft.Bcl.AsyncInterfaces, Version=1.0.0.0, Culture=neutral, PublicKeyToken=cc7b13ffcd2ddd51'. O sistema não conseguiu localizar o ficheiro especificado.
File name: 'Microsoft.Bcl.AsyncInterfaces, Version=1.0.0.0, Culture=neutral, PublicKeyToken=cc7b13ffcd2ddd51'
 ---> System.IO.FileNotFoundException: Could not load file or assembly 'Microsoft.Bcl.AsyncInterfaces, Culture=neutral, PublicKeyToken=null'. O sistema não conseguiu localizar o ficheiro especificado.
File name: 'Microsoft.Bcl.AsyncInterfaces, Culture=neutral, PublicKeyToken=null'
   at System.Reflection.RuntimeAssembly.InternalLoad(AssemblyName assemblyName, StackCrawlMark& stackMark, AssemblyLoadContext assemblyLoadContext, RuntimeAssembly requestingAssembly, Boolean throwOnFileNotFound)
   at System.Reflection.Assembly.Load(AssemblyName assemblyRef)
   at Microsoft.VisualStudio.TestPlatform.Common.ExtensionFramework.TestPluginCache.CurrentDomainAssemblyResolve(Object sender, AssemblyResolveEventArgs args)
   at System.Runtime.Loader.AssemblyLoadContext.GetFirstResolvedAssemblyFromResolvingEvent(AssemblyName assemblyName)
   at System.Runtime.Loader.AssemblyLoadContext.ResolveUsingEvent(AssemblyName assemblyName)
   at System.Runtime.Loader.AssemblyLoadContext.ResolveUsingResolvingEvent(IntPtr gchManagedAssemblyLoadContext, AssemblyName assemblyName)
TpTrace Warning: 0 : 22312, 1, 2024/05/03, 12:14:45.983, 2707387164055, vstest.console.dll, LoaderExceptions: System.IO.FileNotFoundException: Could not load file or assembly 'Microsoft.Bcl.AsyncInterfaces, Version=1.0.0.0, Culture=neutral, PublicKeyToken=cc7b13ffcd2ddd51'. O sistema não conseguiu localizar o ficheiro especificado.
File name: 'Microsoft.Bcl.AsyncInterfaces, Version=1.0.0.0, Culture=neutral, PublicKeyToken=cc7b13ffcd2ddd51'
 ---> System.IO.FileNotFoundException: Could not load file or assembly 'Microsoft.Bcl.AsyncInterfaces, Culture=neutral, PublicKeyToken=null'. O sistema não conseguiu localizar o ficheiro especificado.
File name: 'Microsoft.Bcl.AsyncInterfaces, Culture=neutral, PublicKeyToken=null'
   at System.Reflection.RuntimeAssembly.InternalLoad(AssemblyName assemblyName, StackCrawlMark& stackMark, AssemblyLoadContext assemblyLoadContext, RuntimeAssembly requestingAssembly, Boolean throwOnFileNotFound)
   at System.Reflection.Assembly.Load(AssemblyName assemblyRef)
   at Microsoft.VisualStudio.TestPlatform.Common.ExtensionFramework.TestPluginCache.CurrentDomainAssemblyResolve(Object sender, AssemblyResolveEventArgs args)
   at System.Runtime.Loader.AssemblyLoadContext.GetFirstResolvedAssemblyFromResolvingEvent(AssemblyName assemblyName)
   at System.Runtime.Loader.AssemblyLoadContext.ResolveUsingEvent(AssemblyName assemblyName)
   at System.Runtime.Loader.AssemblyLoadContext.ResolveUsingResolvingEvent(IntPtr gchManagedAssemblyLoadContext, AssemblyName assemblyName)
TpTrace Information: 0 : 22312, 1, 2024/05/03, 12:14:45.983, 2707387166409, vstest.console.dll, AssemblyResolver.OnResolve: Microsoft.TestPlatform.Extensions.BlameDataCollector: Resolving assembly.
TpTrace Information: 0 : 22312, 1, 2024/05/03, 12:14:45.983, 2707387166900, vstest.console.dll, AssemblyResolver.OnResolve: Microsoft.TestPlatform.Extensions.BlameDataCollector: Searching in: 'C:\Program Files\dotnet\sdk\7.0.102\Extensions'.
TpTrace Information: 0 : 22312, 1, 2024/05/03, 12:14:45.985, 2707387179981, vstest.console.dll, AssemblyResolver.OnResolve: Microsoft.TestPlatform.Extensions.BlameDataCollector: Loading assembly 'C:\Program Files\dotnet\sdk\7.0.102\Extensions\Microsoft.TestPlatform.Extensions.BlameDataCollector.dll'.
TpTrace Information: 0 : 22312, 1, 2024/05/03, 12:14:45.986, 2707387188739, vstest.console.dll, AssemblyResolver.OnResolve: Resolved assembly: Microsoft.TestPlatform.Extensions.BlameDataCollector, from path: C:\Program Files\dotnet\sdk\7.0.102\Extensions\Microsoft.TestPlatform.Extensions.BlameDataCollector.dll
TpTrace Verbose: 0 : 22312, 1, 2024/05/03, 12:14:45.986, 2707387190121, vstest.console.dll, MetadataReaderExtensionsHelper: Discovering extensions inside assembly 'Microsoft.TestPlatform.Extensions.BlameDataCollector, Version=15.0.0.0, Culture=neutral, PublicKeyToken=b03f5f7f11d50a3a' file path 'C:\Program Files\dotnet\sdk\7.0.102\Extensions\Microsoft.TestPlatform.Extensions.BlameDataCollector.dll'
TpTrace Information: 0 : 22312, 1, 2024/05/03, 12:14:45.988, 2707387213533, vstest.console.dll, AssemblyResolver.OnResolve: Microsoft.TestPlatform.Extensions.EventLogCollector: Resolving assembly.
TpTrace Information: 0 : 22312, 1, 2024/05/03, 12:14:45.988, 2707387214331, vstest.console.dll, AssemblyResolver.OnResolve: Microsoft.TestPlatform.Extensions.EventLogCollector: Searching in: 'C:\Program Files\dotnet\sdk\7.0.102\Extensions'.
TpTrace Information: 0 : 22312, 1, 2024/05/03, 12:14:45.989, 2707387223554, vstest.console.dll, AssemblyResolver.OnResolve: Microsoft.TestPlatform.Extensions.EventLogCollector: Loading assembly 'C:\Program Files\dotnet\sdk\7.0.102\Extensions\Microsoft.TestPlatform.Extensions.EventLogCollector.dll'.
TpTrace Information: 0 : 22312, 1, 2024/05/03, 12:14:45.989, 2707387227347, vstest.console.dll, AssemblyResolver.OnResolve: Resolved assembly: Microsoft.TestPlatform.Extensions.EventLogCollector, from path: C:\Program Files\dotnet\sdk\7.0.102\Extensions\Microsoft.TestPlatform.Extensions.EventLogCollector.dll
TpTrace Verbose: 0 : 22312, 1, 2024/05/03, 12:14:45.989, 2707387228103, vstest.console.dll, MetadataReaderExtensionsHelper: Discovering extensions inside assembly 'Microsoft.TestPlatform.Extensions.EventLogCollector, Version=15.0.0.0, Culture=neutral, PublicKeyToken=b03f5f7f11d50a3a' file path 'C:\Program Files\dotnet\sdk\7.0.102\Extensions\Microsoft.TestPlatform.Extensions.EventLogCollector.dll'
TpTrace Information: 0 : 22312, 1, 2024/05/03, 12:14:45.992, 2707387255780, vstest.console.dll, AssemblyResolver.OnResolve: Microsoft.TestPlatform.TestHostRuntimeProvider: Resolving assembly.
TpTrace Information: 0 : 22312, 1, 2024/05/03, 12:14:45.992, 2707387256419, vstest.console.dll, AssemblyResolver.OnResolve: Microsoft.TestPlatform.TestHostRuntimeProvider: Searching in: 'C:\Program Files\dotnet\sdk\7.0.102\Extensions'.
TpTrace Information: 0 : 22312, 1, 2024/05/03, 12:14:45.993, 2707387263957, vstest.console.dll, AssemblyResolver.OnResolve: Microsoft.TestPlatform.TestHostRuntimeProvider: Loading assembly 'C:\Program Files\dotnet\sdk\7.0.102\Extensions\Microsoft.TestPlatform.TestHostRuntimeProvider.dll'.
TpTrace Information: 0 : 22312, 1, 2024/05/03, 12:14:45.994, 2707387270535, vstest.console.dll, AssemblyResolver.OnResolve: Resolved assembly: Microsoft.TestPlatform.TestHostRuntimeProvider, from path: C:\Program Files\dotnet\sdk\7.0.102\Extensions\Microsoft.TestPlatform.TestHostRuntimeProvider.dll
TpTrace Verbose: 0 : 22312, 1, 2024/05/03, 12:14:45.994, 2707387271363, vstest.console.dll, MetadataReaderExtensionsHelper: Discovering extensions inside assembly 'Microsoft.TestPlatform.TestHostRuntimeProvider, Version=15.0.0.0, Culture=neutral, PublicKeyToken=b03f5f7f11d50a3a' file path 'C:\Program Files\dotnet\sdk\7.0.102\Extensions\Microsoft.TestPlatform.TestHostRuntimeProvider.dll'
TpTrace Information: 0 : 22312, 1, 2024/05/03, 12:14:45.997, 2707387302443, vstest.console.dll, GetTestExtensionFromType: Register extension with identifier data 'HostProvider://DefaultTestHost' and type 'Microsoft.VisualStudio.TestPlatform.CrossPlatEngine.Hosting.DefaultTestHostManager, Microsoft.TestPlatform.TestHostRuntimeProvider, Version=15.0.0.0, Culture=neutral, PublicKeyToken=b03f5f7f11d50a3a' inside file 'C:\Program Files\dotnet\sdk\7.0.102\Extensions\Microsoft.TestPlatform.TestHostRuntimeProvider.dll'
TpTrace Information: 0 : 22312, 1, 2024/05/03, 12:14:45.997, 2707387306331, vstest.console.dll, GetTestExtensionFromType: Register extension with identifier data 'HostProvider://DotnetTestHost' and type 'Microsoft.VisualStudio.TestPlatform.CrossPlatEngine.Hosting.DotnetTestHostManager, Microsoft.TestPlatform.TestHostRuntimeProvider, Version=15.0.0.0, Culture=neutral, PublicKeyToken=b03f5f7f11d50a3a' inside file 'C:\Program Files\dotnet\sdk\7.0.102\Extensions\Microsoft.TestPlatform.TestHostRuntimeProvider.dll'
TpTrace Information: 0 : 22312, 1, 2024/05/03, 12:14:45.997, 2707387307611, vstest.console.dll, AssemblyResolver.OnResolve: Microsoft.VisualStudio.TestPlatform.Extensions.Html.TestLogger: Resolving assembly.
TpTrace Information: 0 : 22312, 1, 2024/05/03, 12:14:45.997, 2707387308079, vstest.console.dll, AssemblyResolver.OnResolve: Microsoft.VisualStudio.TestPlatform.Extensions.Html.TestLogger: Searching in: 'C:\Program Files\dotnet\sdk\7.0.102\Extensions'.
TpTrace Information: 0 : 22312, 1, 2024/05/03, 12:14:45.999, 2707387321276, vstest.console.dll, AssemblyResolver.OnResolve: Microsoft.VisualStudio.TestPlatform.Extensions.Html.TestLogger: Loading assembly 'C:\Program Files\dotnet\sdk\7.0.102\Extensions\Microsoft.VisualStudio.TestPlatform.Extensions.Html.TestLogger.dll'.
TpTrace Information: 0 : 22312, 1, 2024/05/03, 12:14:46.000, 2707387329031, vstest.console.dll, AssemblyResolver.OnResolve: Resolved assembly: Microsoft.VisualStudio.TestPlatform.Extensions.Html.TestLogger, from path: C:\Program Files\dotnet\sdk\7.0.102\Extensions\Microsoft.VisualStudio.TestPlatform.Extensions.Html.TestLogger.dll
TpTrace Verbose: 0 : 22312, 1, 2024/05/03, 12:14:46.000, 2707387331711, vstest.console.dll, MetadataReaderExtensionsHelper: Discovering extensions inside assembly 'Microsoft.VisualStudio.TestPlatform.Extensions.Html.TestLogger, Version=15.0.0.0, Culture=neutral, PublicKeyToken=b03f5f7f11d50a3a' file path 'C:\Program Files\dotnet\sdk\7.0.102\Extensions\Microsoft.VisualStudio.TestPlatform.Extensions.Html.TestLogger.dll'
TpTrace Information: 0 : 22312, 1, 2024/05/03, 12:14:46.001, 2707387341400, vstest.console.dll, AssemblyResolver.OnResolve: Microsoft.VisualStudio.TestPlatform.Extensions.Trx.TestLogger: Resolving assembly.
TpTrace Information: 0 : 22312, 1, 2024/05/03, 12:14:46.001, 2707387342007, vstest.console.dll, AssemblyResolver.OnResolve: Microsoft.VisualStudio.TestPlatform.Extensions.Trx.TestLogger: Searching in: 'C:\Program Files\dotnet\sdk\7.0.102\Extensions'.
TpTrace Information: 0 : 22312, 1, 2024/05/03, 12:14:46.002, 2707387354648, vstest.console.dll, AssemblyResolver.OnResolve: Microsoft.VisualStudio.TestPlatform.Extensions.Trx.TestLogger: Loading assembly 'C:\Program Files\dotnet\sdk\7.0.102\Extensions\Microsoft.VisualStudio.TestPlatform.Extensions.Trx.TestLogger.dll'.
TpTrace Information: 0 : 22312, 1, 2024/05/03, 12:14:46.003, 2707387362594, vstest.console.dll, AssemblyResolver.OnResolve: Resolved assembly: Microsoft.VisualStudio.TestPlatform.Extensions.Trx.TestLogger, from path: C:\Program Files\dotnet\sdk\7.0.102\Extensions\Microsoft.VisualStudio.TestPlatform.Extensions.Trx.TestLogger.dll
TpTrace Verbose: 0 : 22312, 1, 2024/05/03, 12:14:46.003, 2707387363579, vstest.console.dll, MetadataReaderExtensionsHelper: Discovering extensions inside assembly 'Microsoft.VisualStudio.TestPlatform.Extensions.Trx.TestLogger, Version=15.0.0.0, Culture=neutral, PublicKeyToken=b03f5f7f11d50a3a' file path 'C:\Program Files\dotnet\sdk\7.0.102\Extensions\Microsoft.VisualStudio.TestPlatform.Extensions.Trx.TestLogger.dll'
TpTrace Verbose: 0 : 22312, 1, 2024/05/03, 12:14:46.005, 2707387383883, vstest.console.dll, TestPluginCache: Discovered the extensions using extension path ''.
TpTrace Verbose: 0 : 22312, 1, 2024/05/03, 12:14:46.005, 2707387384940, vstest.console.dll, TestPluginCache: Discoverers are ''.
TpTrace Verbose: 0 : 22312, 1, 2024/05/03, 12:14:46.005, 2707387385316, vstest.console.dll, TestPluginCache: Executors are ''.
TpTrace Verbose: 0 : 22312, 1, 2024/05/03, 12:14:46.005, 2707387385664, vstest.console.dll, TestPluginCache: Executors2 are ''.
TpTrace Verbose: 0 : 22312, 1, 2024/05/03, 12:14:46.005, 2707387385971, vstest.console.dll, TestPluginCache: Setting providers are ''.
TpTrace Verbose: 0 : 22312, 1, 2024/05/03, 12:14:46.005, 2707387386291, vstest.console.dll, TestPluginCache: Loggers are ''.
TpTrace Verbose: 0 : 22312, 1, 2024/05/03, 12:14:46.005, 2707387388177, vstest.console.dll, TestPluginCache: TestHosts are 'HostProvider://DefaultTestHost,HostProvider://DotnetTestHost'.
TpTrace Verbose: 0 : 22312, 1, 2024/05/03, 12:14:46.006, 2707387388707, vstest.console.dll, TestPluginCache: DataCollectors are ''.
TpTrace Information: 0 : 22312, 1, 2024/05/03, 12:14:46.029, 2707387623179, vstest.console.dll, RunTestsArgumentProcessor:Execute: Test run is starting.
TpTrace Verbose: 0 : 22312, 1, 2024/05/03, 12:14:46.029, 2707387624692, vstest.console.dll, RunTestsArgumentProcessor:Execute: Queuing Test run.
TpTrace Information: 0 : 22312, 1, 2024/05/03, 12:14:46.030, 2707387630009, vstest.console.dll, TestRequestManager.RunTests: run tests started.
TpTrace Information: 0 : 22312, 1, 2024/05/03, 12:14:46.032, 2707387648601, vstest.console.dll, AssemblyMetadataProvider.GetFrameworkName: Determined framework:'.NETCoreApp,Version=v6.0' for source: 'C:\Users\Daniel Martins\Desktop\Cofidis\ApiCofidisMicroCredit\ApiCofidisMicroCreditTests\bin\Debug\net6.0\fine-code-coverage\build-output\ApiCofidisMicroCreditTests.dll'
TpTrace Information: 0 : 22312, 1, 2024/05/03, 12:14:46.032, 2707387651024, vstest.console.dll, Determined framework for all sources: .NETCoreApp,Version=v6.0
TpTrace Verbose: 0 : 22312, 1, 2024/05/03, 12:14:46.032, 2707387657130, vstest.console.dll, TestRequestManager.UpdateRunSettingsIfRequired: Default architecture: X64 IsDefaultTargetArchitecture: True, Current process architecture: X64 OperatingSystem: Windows.
TpTrace Information: 0 : 22312, 1, 2024/05/03, 12:14:46.035, 2707387686217, vstest.console.dll, AssemblyMetadataProvider.GetArchitecture: Determined architecture:AnyCPU info for assembly: C:\Users\Daniel Martins\Desktop\Cofidis\ApiCofidisMicroCredit\ApiCofidisMicroCreditTests\bin\Debug\net6.0\fine-code-coverage\build-output\ApiCofidisMicroCreditTests.dll
TpTrace Information: 0 : 22312, 1, 2024/05/03, 12:14:46.035, 2707387687031, vstest.console.dll, Determined platform for source 'C:\Users\Daniel Martins\Desktop\Cofidis\ApiCofidisMicroCredit\ApiCofidisMicroCreditTests\bin\Debug\net6.0\fine-code-coverage\build-output\ApiCofidisMicroCreditTests.dll' was AnyCPU and it will use the default plaform X64.
TpTrace Information: 0 : 22312, 1, 2024/05/03, 12:14:46.035, 2707387687446, vstest.console.dll, None of the sources provided any runnable platform, using the default platform: X64
TpTrace Information: 0 : 22312, 1, 2024/05/03, 12:14:46.036, 2707387688669, vstest.console.dll, Platform was updated to 'X64'.
TpTrace Information: 0 : 22312, 1, 2024/05/03, 12:14:46.042, 2707387756157, vstest.console.dll, InferRunSettingsHelper.IsTestSettingsEnabled: Unable to navigate to RunSettings/MSTest. Current node: RunSettings
TpTrace Information: 0 : 22312, 1, 2024/05/03, 12:14:46.043, 2707387766367, vstest.console.dll, AssemblyResolver.OnResolve: Microsoft.VisualStudio.TestPlatform.Fakes: Resolving assembly.
TpTrace Information: 0 : 22312, 1, 2024/05/03, 12:14:46.043, 2707387767174, vstest.console.dll, AssemblyResolver.OnResolve: Microsoft.VisualStudio.TestPlatform.Fakes: Searching in: 'C:\Program Files\dotnet\sdk\7.0.102\Extensions'.
TpTrace Information: 0 : 22312, 1, 2024/05/03, 12:14:46.043, 2707387768423, vstest.console.dll, AssemblyResolver.OnResolve: Microsoft.VisualStudio.TestPlatform.Fakes: Assembly path does not exist: 'C:\Program Files\dotnet\sdk\7.0.102\Extensions\Microsoft.VisualStudio.TestPlatform.Fakes.dll', returning.
TpTrace Information: 0 : 22312, 1, 2024/05/03, 12:14:46.044, 2707387769163, vstest.console.dll, AssemblyResolver.OnResolve: Microsoft.VisualStudio.TestPlatform.Fakes: Assembly path does not exist: 'C:\Program Files\dotnet\sdk\7.0.102\Extensions\Microsoft.VisualStudio.TestPlatform.Fakes.exe', returning.
TpTrace Information: 0 : 22312, 1, 2024/05/03, 12:14:46.044, 2707387769674, vstest.console.dll, AssemblyResolver.OnResolve: Microsoft.VisualStudio.TestPlatform.Fakes: Searching in: 'C:\Program Files\dotnet\sdk\7.0.102'.
TpTrace Information: 0 : 22312, 1, 2024/05/03, 12:14:46.044, 2707387770388, vstest.console.dll, AssemblyResolver.OnResolve: Microsoft.VisualStudio.TestPlatform.Fakes: Assembly path does not exist: 'C:\Program Files\dotnet\sdk\7.0.102\Microsoft.VisualStudio.TestPlatform.Fakes.dll', returning.
TpTrace Information: 0 : 22312, 1, 2024/05/03, 12:14:46.044, 2707387771020, vstest.console.dll, AssemblyResolver.OnResolve: Microsoft.VisualStudio.TestPlatform.Fakes: Assembly path does not exist: 'C:\Program Files\dotnet\sdk\7.0.102\Microsoft.VisualStudio.TestPlatform.Fakes.exe', returning.
TpTrace Information: 0 : 22312, 1, 2024/05/03, 12:14:46.044, 2707387771390, vstest.console.dll, AssemblyResolver.OnResolve: Microsoft.VisualStudio.TestPlatform.Fakes: Failed to load assembly.
TpTrace Information: 0 : 22312, 1, 2024/05/03, 12:14:46.044, 2707387775321, vstest.console.dll, Failed to load assembly Microsoft.VisualStudio.TestPlatform.Fakes, Version=17.0.0.0, Culture=neutral. Reason:System.IO.FileNotFoundException: Could not load file or assembly 'Microsoft.VisualStudio.TestPlatform.Fakes, Version=17.0.0.0, Culture=neutral, PublicKeyToken=null'. O sistema não conseguiu localizar o ficheiro especificado.
File name: 'Microsoft.VisualStudio.TestPlatform.Fakes, Version=17.0.0.0, Culture=neutral, PublicKeyToken=null'
   at System.Reflection.RuntimeAssembly.InternalLoad(AssemblyName assemblyName, StackCrawlMark& stackMark, AssemblyLoadContext assemblyLoadContext, RuntimeAssembly requestingAssembly, Boolean throwOnFileNotFound)
   at System.Reflection.Assembly.Load(AssemblyName assemblyRef)
   at Microsoft.VisualStudio.TestPlatform.Common.Utilities.FakesUtilities.LoadTestPlatformAssembly()
TpTrace Verbose: 0 : 22312, 1, 2024/05/03, 12:14:46.049, 2707387825049, vstest.console.dll, TestPluginCache.DiscoverTestExtensions: finding test extensions in assemblies ends with: TestLogger.dll TPluginInfo: Microsoft.VisualStudio.TestPlatform.Common.ExtensionFramework.Utilities.TestLoggerPluginInformation TExtension: Microsoft.VisualStudio.TestPlatform.ObjectModel.Client.ITestLogger
TpTrace Verbose: 0 : 22312, 1, 2024/05/03, 12:14:46.049, 2707387825966, vstest.console.dll, TestPluginCache.GetExtensionPaths: Filtered extension paths: 
TpTrace Verbose: 0 : 22312, 1, 2024/05/03, 12:14:46.049, 2707387826349, vstest.console.dll, TestPluginCache.GetExtensionPaths: Added default extension paths: C:\Program Files\dotnet\sdk\7.0.102\Extensions\Microsoft.Diagnostics.NETCore.Client.dll
C:\Program Files\dotnet\sdk\7.0.102\Extensions\Microsoft.TestPlatform.Extensions.BlameDataCollector.dll
C:\Program Files\dotnet\sdk\7.0.102\Extensions\Microsoft.TestPlatform.Extensions.EventLogCollector.dll
C:\Program Files\dotnet\sdk\7.0.102\Extensions\Microsoft.TestPlatform.TestHostRuntimeProvider.dll
C:\Program Files\dotnet\sdk\7.0.102\Extensions\Microsoft.VisualStudio.TestPlatform.Extensions.Html.TestLogger.dll
C:\Program Files\dotnet\sdk\7.0.102\Extensions\Microsoft.VisualStudio.TestPlatform.Extensions.Trx.TestLogger.dll
TpTrace Verbose: 0 : 22312, 1, 2024/05/03, 12:14:46.049, 2707387826691, vstest.console.dll, TestPluginCache.GetExtensionPaths: Added unfilterableExtensionPaths: 
TpTrace Information: 0 : 22312, 1, 2024/05/03, 12:14:46.049, 2707387827945, vstest.console.dll, AssemblyResolver.AddSearchDirectories: Adding more searchDirectories C:\Program Files\dotnet\sdk\7.0.102\Extensions,C:\Program Files\dotnet\sdk\7.0.102
TpTrace Verbose: 0 : 22312, 1, 2024/05/03, 12:14:46.049, 2707387828376, vstest.console.dll, TestPluginCache.DiscoverTestExtensions: Discovering the extensions using extension path.
TpTrace Verbose: 0 : 22312, 1, 2024/05/03, 12:14:46.050, 2707387828723, vstest.console.dll, TestPluginCache.GetExtensionPaths: Filtered extension paths: 
TpTrace Verbose: 0 : 22312, 1, 2024/05/03, 12:14:46.050, 2707387828966, vstest.console.dll, TestPluginCache.GetExtensionPaths: Added default extension paths: C:\Program Files\dotnet\sdk\7.0.102\Extensions\Microsoft.Diagnostics.NETCore.Client.dll
C:\Program Files\dotnet\sdk\7.0.102\Extensions\Microsoft.TestPlatform.Extensions.BlameDataCollector.dll
C:\Program Files\dotnet\sdk\7.0.102\Extensions\Microsoft.TestPlatform.Extensions.EventLogCollector.dll
C:\Program Files\dotnet\sdk\7.0.102\Extensions\Microsoft.TestPlatform.TestHostRuntimeProvider.dll
C:\Program Files\dotnet\sdk\7.0.102\Extensions\Microsoft.VisualStudio.TestPlatform.Extensions.Html.TestLogger.dll
C:\Program Files\dotnet\sdk\7.0.102\Extensions\Microsoft.VisualStudio.TestPlatform.Extensions.Trx.TestLogger.dll
TpTrace Verbose: 0 : 22312, 1, 2024/05/03, 12:14:46.050, 2707387829254, vstest.console.dll, TestPluginCache.GetExtensionPaths: Added unfilterableExtensionPaths: 
TpTrace Verbose: 0 : 22312, 1, 2024/05/03, 12:14:46.050, 2707387829509, vstest.console.dll, TestPluginCache.DiscoverTestExtensions: Discovering the extensions using allExtensionPaths: C:\Program Files\dotnet\sdk\7.0.102\Extensions\Microsoft.Diagnostics.NETCore.Client.dll
C:\Program Files\dotnet\sdk\7.0.102\Extensions\Microsoft.TestPlatform.Extensions.BlameDataCollector.dll
C:\Program Files\dotnet\sdk\7.0.102\Extensions\Microsoft.TestPlatform.Extensions.EventLogCollector.dll
C:\Program Files\dotnet\sdk\7.0.102\Extensions\Microsoft.TestPlatform.TestHostRuntimeProvider.dll
C:\Program Files\dotnet\sdk\7.0.102\Extensions\Microsoft.VisualStudio.TestPlatform.Extensions.Html.TestLogger.dll
C:\Program Files\dotnet\sdk\7.0.102\Extensions\Microsoft.VisualStudio.TestPlatform.Extensions.Trx.TestLogger.dll
TpTrace Information: 0 : 22312, 1, 2024/05/03, 12:14:46.050, 2707387830634, vstest.console.dll, AssemblyResolver.AddSearchDirectories: Adding more searchDirectories C:\Program Files\dotnet\sdk\7.0.102\Extensions,C:\Program Files\dotnet\sdk\7.0.102
TpTrace Information: 0 : 22312, 1, 2024/05/03, 12:14:46.050, 2707387830988, vstest.console.dll, AssemblyResolver.AddSearchDirectories: Adding more searchDirectories C:\Program Files\dotnet\sdk\7.0.102\Extensions,C:\Program Files\dotnet\sdk\7.0.102
TpTrace Information: 0 : 22312, 1, 2024/05/03, 12:14:46.050, 2707387831310, vstest.console.dll, AssemblyResolver.AddSearchDirectories: Adding more searchDirectories C:\Program Files\dotnet\sdk\7.0.102\Extensions,C:\Program Files\dotnet\sdk\7.0.102
TpTrace Information: 0 : 22312, 1, 2024/05/03, 12:14:46.050, 2707387831606, vstest.console.dll, AssemblyResolver.AddSearchDirectories: Adding more searchDirectories C:\Program Files\dotnet\sdk\7.0.102\Extensions,C:\Program Files\dotnet\sdk\7.0.102
TpTrace Information: 0 : 22312, 1, 2024/05/03, 12:14:46.050, 2707387831847, vstest.console.dll, AssemblyResolver.AddSearchDirectories: Adding more searchDirectories C:\Program Files\dotnet\sdk\7.0.102\Extensions,C:\Program Files\dotnet\sdk\7.0.102
TpTrace Information: 0 : 22312, 1, 2024/05/03, 12:14:46.050, 2707387832082, vstest.console.dll, AssemblyResolver.AddSearchDirectories: Adding more searchDirectories C:\Program Files\dotnet\sdk\7.0.102\Extensions,C:\Program Files\dotnet\sdk\7.0.102
TpTrace Verbose: 0 : 22312, 1, 2024/05/03, 12:14:46.050, 2707387833173, vstest.console.dll, MetadataReaderExtensionsHelper: Discovering extensions inside assembly 'Microsoft.Diagnostics.NETCore.Client, Version=0.2.6.42401, Culture=neutral, PublicKeyToken=31bf3856ad364e35' file path 'C:\Program Files\dotnet\sdk\7.0.102\Extensions\Microsoft.Diagnostics.NETCore.Client.dll'
TpTrace Information: 0 : 22312, 1, 2024/05/03, 12:14:46.051, 2707387840767, vstest.console.dll, AssemblyResolver.OnResolve: Microsoft.Bcl.AsyncInterfaces: Resolving assembly.
TpTrace Information: 0 : 22312, 1, 2024/05/03, 12:14:46.051, 2707387841532, vstest.console.dll, AssemblyResolver.OnResolve: Microsoft.Bcl.AsyncInterfaces: Resolved from cache.
TpTrace Verbose: 0 : 22312, 1, 2024/05/03, 12:14:46.051, 2707387841807, vstest.console.dll, CurrentDomainAssemblyResolve: Resolving assembly 'Microsoft.Bcl.AsyncInterfaces'.
TpTrace Information: 0 : 22312, 1, 2024/05/03, 12:14:46.051, 2707387842225, vstest.console.dll, AssemblyResolver.OnResolve: Microsoft.Bcl.AsyncInterfaces: Resolving assembly.
TpTrace Information: 0 : 22312, 1, 2024/05/03, 12:14:46.051, 2707387842520, vstest.console.dll, AssemblyResolver.OnResolve: Microsoft.Bcl.AsyncInterfaces: Resolved from cache.
TpTrace Verbose: 0 : 22312, 1, 2024/05/03, 12:14:46.051, 2707387842739, vstest.console.dll, CurrentDomainAssemblyResolve: Resolving assembly 'Microsoft.Bcl.AsyncInterfaces'.
TpTrace Verbose: 0 : 22312, 1, 2024/05/03, 12:14:46.051, 2707387842957, vstest.console.dll, CurrentDomainAssemblyResolve: Failed to resolve assembly 'Microsoft.Bcl.AsyncInterfaces'.
TpTrace Verbose: 0 : 22312, 1, 2024/05/03, 12:14:46.051, 2707387844586, vstest.console.dll, CurrentDomainAssemblyResolve: Failed to resolve assembly 'Microsoft.Bcl.AsyncInterfaces'.
TpTrace Warning: 0 : 22312, 1, 2024/05/03, 12:14:46.051, 2707387848291, vstest.console.dll, TestPluginDiscoverer: Failed to get types from assembly 'Microsoft.Diagnostics.NETCore.Client, Version=0.2.6.42401, Culture=neutral, PublicKeyToken=31bf3856ad364e35'. Error: System.Reflection.ReflectionTypeLoadException: Unable to load one or more of the requested types.
Could not load file or assembly 'Microsoft.Bcl.AsyncInterfaces, Version=1.0.0.0, Culture=neutral, PublicKeyToken=cc7b13ffcd2ddd51'. O sistema não conseguiu localizar o ficheiro especificado.
   at System.Reflection.RuntimeModule.GetTypes(RuntimeModule module)
   at System.Reflection.Assembly.GetTypes()
   at Microsoft.VisualStudio.TestPlatform.Common.ExtensionFramework.TestPluginDiscoverer.GetTestExtensionsFromAssembly[TPluginInfo,TExtension](Assembly assembly, Dictionary`2 pluginInfos, String filePath)
System.IO.FileNotFoundException: Could not load file or assembly 'Microsoft.Bcl.AsyncInterfaces, Version=1.0.0.0, Culture=neutral, PublicKeyToken=cc7b13ffcd2ddd51'. O sistema não conseguiu localizar o ficheiro especificado.
File name: 'Microsoft.Bcl.AsyncInterfaces, Version=1.0.0.0, Culture=neutral, PublicKeyToken=cc7b13ffcd2ddd51'
 ---> System.IO.FileNotFoundException: Could not load file or assembly 'Microsoft.Bcl.AsyncInterfaces, Culture=neutral, PublicKeyToken=null'. O sistema não conseguiu localizar o ficheiro especificado.
File name: 'Microsoft.Bcl.AsyncInterfaces, Culture=neutral, PublicKeyToken=null'
   at System.Reflection.RuntimeAssembly.InternalLoad(AssemblyName assemblyName, StackCrawlMark& stackMark, AssemblyLoadContext assemblyLoadContext, RuntimeAssembly requestingAssembly, Boolean throwOnFileNotFound)
   at System.Reflection.Assembly.Load(AssemblyName assemblyRef)
   at Microsoft.VisualStudio.TestPlatform.Common.ExtensionFramework.TestPluginCache.CurrentDomainAssemblyResolve(Object sender, AssemblyResolveEventArgs args)
   at System.Runtime.Loader.AssemblyLoadContext.GetFirstResolvedAssemblyFromResolvingEvent(AssemblyName assemblyName)
   at System.Runtime.Loader.AssemblyLoadContext.ResolveUsingEvent(AssemblyName assemblyName)
   at System.Runtime.Loader.AssemblyLoadContext.ResolveUsingResolvingEvent(IntPtr gchManagedAssemblyLoadContext, AssemblyName assemblyName)
TpTrace Warning: 0 : 22312, 1, 2024/05/03, 12:14:46.052, 2707387849993, vstest.console.dll, LoaderExceptions: System.IO.FileNotFoundException: Could not load file or assembly 'Microsoft.Bcl.AsyncInterfaces, Version=1.0.0.0, Culture=neutral, PublicKeyToken=cc7b13ffcd2ddd51'. O sistema não conseguiu localizar o ficheiro especificado.
File name: 'Microsoft.Bcl.AsyncInterfaces, Version=1.0.0.0, Culture=neutral, PublicKeyToken=cc7b13ffcd2ddd51'
 ---> System.IO.FileNotFoundException: Could not load file or assembly 'Microsoft.Bcl.AsyncInterfaces, Culture=neutral, PublicKeyToken=null'. O sistema não conseguiu localizar o ficheiro especificado.
File name: 'Microsoft.Bcl.AsyncInterfaces, Culture=neutral, PublicKeyToken=null'
   at System.Reflection.RuntimeAssembly.InternalLoad(AssemblyName assemblyName, StackCrawlMark& stackMark, AssemblyLoadContext assemblyLoadContext, RuntimeAssembly requestingAssembly, Boolean throwOnFileNotFound)
   at System.Reflection.Assembly.Load(AssemblyName assemblyRef)
   at Microsoft.VisualStudio.TestPlatform.Common.ExtensionFramework.TestPluginCache.CurrentDomainAssemblyResolve(Object sender, AssemblyResolveEventArgs args)
   at System.Runtime.Loader.AssemblyLoadContext.GetFirstResolvedAssemblyFromResolvingEvent(AssemblyName assemblyName)
   at System.Runtime.Loader.AssemblyLoadContext.ResolveUsingEvent(AssemblyName assemblyName)
   at System.Runtime.Loader.AssemblyLoadContext.ResolveUsingResolvingEvent(IntPtr gchManagedAssemblyLoadContext, AssemblyName assemblyName)
TpTrace Verbose: 0 : 22312, 1, 2024/05/03, 12:14:46.052, 2707387851118, vstest.console.dll, MetadataReaderExtensionsHelper: Discovering extensions inside assembly 'Microsoft.TestPlatform.Extensions.BlameDataCollector, Version=15.0.0.0, Culture=neutral, PublicKeyToken=b03f5f7f11d50a3a' file path 'C:\Program Files\dotnet\sdk\7.0.102\Extensions\Microsoft.TestPlatform.Extensions.BlameDataCollector.dll'
TpTrace Information: 0 : 22312, 1, 2024/05/03, 12:14:46.052, 2707387856043, vstest.console.dll, GetTestExtensionFromType: Register extension with identifier data 'logger://Microsoft/TestPlatform/Extensions/Blame/v1' and type 'Microsoft.TestPlatform.Extensions.BlameDataCollector.BlameLogger, Microsoft.TestPlatform.Extensions.BlameDataCollector, Version=15.0.0.0, Culture=neutral, PublicKeyToken=b03f5f7f11d50a3a' inside file 'C:\Program Files\dotnet\sdk\7.0.102\Extensions\Microsoft.TestPlatform.Extensions.BlameDataCollector.dll'
TpTrace Verbose: 0 : 22312, 1, 2024/05/03, 12:14:46.052, 2707387856971, vstest.console.dll, MetadataReaderExtensionsHelper: Discovering extensions inside assembly 'Microsoft.TestPlatform.Extensions.EventLogCollector, Version=15.0.0.0, Culture=neutral, PublicKeyToken=b03f5f7f11d50a3a' file path 'C:\Program Files\dotnet\sdk\7.0.102\Extensions\Microsoft.TestPlatform.Extensions.EventLogCollector.dll'
TpTrace Verbose: 0 : 22312, 1, 2024/05/03, 12:14:46.053, 2707387860022, vstest.console.dll, MetadataReaderExtensionsHelper: Discovering extensions inside assembly 'Microsoft.TestPlatform.TestHostRuntimeProvider, Version=15.0.0.0, Culture=neutral, PublicKeyToken=b03f5f7f11d50a3a' file path 'C:\Program Files\dotnet\sdk\7.0.102\Extensions\Microsoft.TestPlatform.TestHostRuntimeProvider.dll'
TpTrace Verbose: 0 : 22312, 1, 2024/05/03, 12:14:46.053, 2707387862966, vstest.console.dll, MetadataReaderExtensionsHelper: Discovering extensions inside assembly 'Microsoft.VisualStudio.TestPlatform.Extensions.Html.TestLogger, Version=15.0.0.0, Culture=neutral, PublicKeyToken=b03f5f7f11d50a3a' file path 'C:\Program Files\dotnet\sdk\7.0.102\Extensions\Microsoft.VisualStudio.TestPlatform.Extensions.Html.TestLogger.dll'
TpTrace Information: 0 : 22312, 1, 2024/05/03, 12:14:46.053, 2707387867892, vstest.console.dll, GetTestExtensionFromType: Register extension with identifier data 'logger://Microsoft/TestPlatform/HtmlLogger/v1' and type 'Microsoft.VisualStudio.TestPlatform.Extensions.HtmlLogger.HtmlLogger, Microsoft.VisualStudio.TestPlatform.Extensions.Html.TestLogger, Version=15.0.0.0, Culture=neutral, PublicKeyToken=b03f5f7f11d50a3a' inside file 'C:\Program Files\dotnet\sdk\7.0.102\Extensions\Microsoft.VisualStudio.TestPlatform.Extensions.Html.TestLogger.dll'
TpTrace Verbose: 0 : 22312, 1, 2024/05/03, 12:14:46.054, 2707387868658, vstest.console.dll, MetadataReaderExtensionsHelper: Discovering extensions inside assembly 'Microsoft.VisualStudio.TestPlatform.Extensions.Trx.TestLogger, Version=15.0.0.0, Culture=neutral, PublicKeyToken=b03f5f7f11d50a3a' file path 'C:\Program Files\dotnet\sdk\7.0.102\Extensions\Microsoft.VisualStudio.TestPlatform.Extensions.Trx.TestLogger.dll'
TpTrace Information: 0 : 22312, 1, 2024/05/03, 12:14:46.054, 2707387872293, vstest.console.dll, GetTestExtensionFromType: Register extension with identifier data 'logger://Microsoft/TestPlatform/TrxLogger/v1' and type 'Microsoft.VisualStudio.TestPlatform.Extensions.TrxLogger.TrxLogger, Microsoft.VisualStudio.TestPlatform.Extensions.Trx.TestLogger, Version=15.0.0.0, Culture=neutral, PublicKeyToken=b03f5f7f11d50a3a' inside file 'C:\Program Files\dotnet\sdk\7.0.102\Extensions\Microsoft.VisualStudio.TestPlatform.Extensions.Trx.TestLogger.dll'
TpTrace Verbose: 0 : 22312, 1, 2024/05/03, 12:14:46.054, 2707387873279, vstest.console.dll, TestPluginCache: Discovered the extensions using extension path ''.
TpTrace Verbose: 0 : 22312, 1, 2024/05/03, 12:14:46.054, 2707387873649, vstest.console.dll, TestPluginCache: Discoverers are ''.
TpTrace Verbose: 0 : 22312, 1, 2024/05/03, 12:14:46.054, 2707387873868, vstest.console.dll, TestPluginCache: Executors are ''.
TpTrace Verbose: 0 : 22312, 1, 2024/05/03, 12:14:46.054, 2707387874072, vstest.console.dll, TestPluginCache: Executors2 are ''.
TpTrace Verbose: 0 : 22312, 1, 2024/05/03, 12:14:46.054, 2707387874275, vstest.console.dll, TestPluginCache: Setting providers are ''.
TpTrace Verbose: 0 : 22312, 1, 2024/05/03, 12:14:46.054, 2707387875015, vstest.console.dll, TestPluginCache: Loggers are 'logger://Microsoft/TestPlatform/Extensions/Blame/v1,logger://Microsoft/TestPlatform/HtmlLogger/v1,logger://Microsoft/TestPlatform/TrxLogger/v1'.
TpTrace Verbose: 0 : 22312, 1, 2024/05/03, 12:14:46.054, 2707387875572, vstest.console.dll, TestPluginCache: TestHosts are 'HostProvider://DefaultTestHost,HostProvider://DotnetTestHost'.
TpTrace Verbose: 0 : 22312, 1, 2024/05/03, 12:14:46.054, 2707387876010, vstest.console.dll, TestPluginCache: DataCollectors are ''.
TpTrace Information: 0 : 22312, 1, 2024/05/03, 12:14:46.055, 2707387885875, vstest.console.dll, TestPluginManager.CreateTestExtension: Attempting to load test extension: Microsoft.TestPlatform.Extensions.BlameDataCollector.BlameLogger
TpTrace Verbose: 0 : 22312, 1, 2024/05/03, 12:14:46.067, 2707388001063, vstest.console.dll, TestEngine: Initializing Parallel Execution as MaxCpuCount is set to: 1
TpTrace Information: 0 : 22312, 1, 2024/05/03, 12:14:46.069, 2707388023709, vstest.console.dll, TestPluginManager.CreateTestExtension: Attempting to load test extension: Microsoft.VisualStudio.TestPlatform.CrossPlatEngine.Hosting.DefaultTestHostManager
TpTrace Information: 0 : 22312, 1, 2024/05/03, 12:14:46.070, 2707388032092, vstest.console.dll, TestPluginManager.CreateTestExtension: Attempting to load test extension: Microsoft.VisualStudio.TestPlatform.CrossPlatEngine.Hosting.DotnetTestHostManager
TpTrace Information: 0 : 22312, 1, 2024/05/03, 12:14:46.071, 2707388039857, vstest.console.dll, InferRunSettingsHelper.IsTestSettingsEnabled: Unable to navigate to RunSettings/MSTest. Current node: RunSettings
TpTrace Verbose: 0 : 22312, 1, 2024/05/03, 12:14:46.077, 2707388100455, vstest.console.dll, TestEngine.GetExecutionManager: Chosen execution manager 'Microsoft.VisualStudio.TestPlatform.CrossPlatEngine.Client.Parallel.ParallelProxyExecutionManager, Microsoft.TestPlatform.CrossPlatEngine, Version=15.0.0.0, Culture=neutral, PublicKeyToken=b03f5f7f11d50a3a' ParallelLevel '1'.
TpTrace Verbose: 0 : 22312, 1, 2024/05/03, 12:14:46.077, 2707388102301, vstest.console.dll, TestRunRequest.ExecuteAsync: Creating test run request.
TpTrace Verbose: 0 : 22312, 1, 2024/05/03, 12:14:46.077, 2707388104792, vstest.console.dll, TestRunRequest.ExecuteAsync: Starting.
TpTrace Information: 0 : 22312, 1, 2024/05/03, 12:14:46.078, 2707388110998, vstest.console.dll, TestRunRequest.ExecuteAsync: Starting run with settings:TestRunCriteria:
   KeepAlive=False,FrequencyOfRunStatsChangeEvent=10,RunStatsChangeEventTimeout=00:00:01.5000000,TestCaseFilter=,TestExecutorLauncher=
   Settingsxml=<RunSettings>
  <RunConfiguration>
    <ResultsDirectory>C:\Users\Daniel Martins\Desktop\Cofidis\ApiCofidisMicroCredit\ApiCofidisMicroCreditTests\bin\Debug\net6.0\fine-code-coverage\coverage-tool-output</ResultsDirectory>
    <TargetPlatform>X64</TargetPlatform>
    <TargetFrameworkVersion>.NETCoreApp,Version=v6.0</TargetFrameworkVersion>
    <DesignMode>False</DesignMode>
    <CollectSourceInformation>False</CollectSourceInformation>
  </RunConfiguration>
  <LoggerRunSettings>
    <Loggers>
      <Logger friendlyName="blame" enabled="True" />
      <Logger friendlyName="Console" uri="logger://microsoft/TestPlatform/ConsoleLogger/v1" assemblyQualifiedName="Microsoft.VisualStudio.TestPlatform.CommandLine.Internal.ConsoleLogger, vstest.console, Version=15.0.0.0, Culture=neutral, PublicKeyToken=b03f5f7f11d50a3a" codeBase="C:\Program Files\dotnet\sdk\7.0.102\vstest.console.dll" enabled="True" />
    </Loggers>
  </LoggerRunSettings>
  <DataCollectionRunSettings>
    <DataCollectors>
      <DataCollector friendlyName="blame" enabled="True">
        <Configuration>
          <ResultsDirectory>C:\Users\Daniel Martins\Desktop\Cofidis\ApiCofidisMicroCredit\ApiCofidisMicroCreditTests\bin\Debug\net6.0\fine-code-coverage\coverage-tool-output</ResultsDirectory>
        </Configuration>
      </DataCollector>
    </DataCollectors>
  </DataCollectionRunSettings>
</RunSettings>

TpTrace Verbose: 0 : 22312, 1, 2024/05/03, 12:14:46.078, 2707388111892, vstest.console.dll, TestRunRequest.ExecuteAsync: Wait for the first run request is over.
TpTrace Verbose: 0 : 22312, 1, 2024/05/03, 12:14:46.078, 2707388116444, vstest.console.dll, MulticastDelegateUtilities.SafeInvoke: TestRun.TestRunStart: Invoking callbacks was skipped because there are no subscribers.
TpTrace Verbose: 0 : 22312, 4, 2024/05/03, 12:14:46.079, 2707388119075, vstest.console.dll, MulticastDelegateUtilities.SafeInvoke: InternalTestLoggerEvents.SendTestRunStart: Invoking callback 1/1 for Microsoft.VisualStudio.TestPlatform.CommandLine.Internal.ConsoleLogger., took 0 ms.
TpTrace Verbose: 0 : 22312, 1, 2024/05/03, 12:14:46.080, 2707388133653, vstest.console.dll, ParallelProxyExecutionManager: Start execution. Total sources: 1
TpTrace Verbose: 0 : 22312, 1, 2024/05/03, 12:14:46.083, 2707388159931, vstest.console.dll, TestRequestSender is acting as server.
TpTrace Verbose: 0 : 22312, 1, 2024/05/03, 12:14:46.084, 2707388174295, vstest.console.dll, DataCollectionRequestSender.InitializeCommunication : Initialize communication. 
TpTrace Information: 0 : 22312, 1, 2024/05/03, 12:14:46.089, 2707388226736, vstest.console.dll, Listening on Endpoint : 127.0.0.1:63557
TpTrace Verbose: 0 : 22312, 1, 2024/05/03, 12:14:46.099, 2707388327862, vstest.console.dll, DotnetDataCollectionLauncher: Adding  --runtimeconfig "C:\Program Files\dotnet\sdk\7.0.102\datacollector.runtimeconfig.json" in args
TpTrace Verbose: 0 : 22312, 1, 2024/05/03, 12:14:46.100, 2707388331655, vstest.console.dll, DotnetDataCollectionLauncher: Adding  --depsfile "C:\Program Files\dotnet\sdk\7.0.102\datacollector.deps.json" in args
TpTrace Verbose: 0 : 22312, 1, 2024/05/03, 12:14:46.100, 2707388333558, vstest.console.dll, DotnetDataCollectionLauncher: Full path of dotnet.exe is C:\Program Files\dotnet\dotnet.exe
TpTrace Information: 0 : 22312, 1, 2024/05/03, 12:14:46.110, 2707388436297, vstest.console.dll, ProxyDataCollectionManager.Initialize: Launched datacollector processId: 21300 port: 63557
TpTrace Information: 0 : 22312, 1, 2024/05/03, 12:14:46.110, 2707388438456, vstest.console.dll, ProxyDataCollectionManager.Initialize: waiting for connection with timeout: 90 seconds
TpTrace Verbose: 0 : 22312, 1, 2024/05/03, 12:14:46.111, 2707388439180, vstest.console.dll, DataCollectionRequestSender.WaitForRequestHandlerConnection : Waiting for connection with timeout: 90000
TpTrace Verbose: 0 : 22312, 1, 2024/05/03, 12:14:46.326, 2707390589183, vstest.console.dll, SocketCommunicationManager.WaitForClientConnection took: 214 ms, with 90000 ms timeout, and finished with True.
TpTrace Information: 0 : 22312, 7, 2024/05/03, 12:14:46.326, 2707390588831, vstest.console.dll, Using the buffer size of 16384 bytes
TpTrace Information: 0 : 22312, 7, 2024/05/03, 12:14:46.326, 2707390591676, vstest.console.dll, Accepted Client request and set the flag
TpTrace Verbose: 0 : 22312, 1, 2024/05/03, 12:14:46.326, 2707390591817, vstest.console.dll, ProxyDataCollectionManager.InvokeDataCollectionServiceAction: Starting.
TpTrace Information: 0 : 22312, 1, 2024/05/03, 12:14:46.326, 2707390593210, vstest.console.dll, ProxyDataCollectionManager.BeforeTestRunStart: Get environment variable and port for datacollector processId: 21300 port: 63557
TpTrace Verbose: 0 : 22312, 1, 2024/05/03, 12:14:46.326, 2707390594692, vstest.console.dll, DataCollectionRequestSender.SendBeforeTestRunStartAndGetResult: Send BeforeTestRunStart message with settingsXml <RunSettings><RunConfiguration><ResultsDirectory>C:\Users\Daniel Martins\Desktop\Cofidis\ApiCofidisMicroCredit\ApiCofidisMicroCreditTests\bin\Debug\net6.0\fine-code-coverage\coverage-tool-output</ResultsDirectory><TargetPlatform>X64</TargetPlatform><TargetFrameworkVersion>.NETCoreApp,Version=v6.0</TargetFrameworkVersion><DesignMode>False</DesignMode><CollectSourceInformation>False</CollectSourceInformation><TestAdaptersPaths>C:\Program Files\dotnet\sdk\7.0.102\Extensions</TestAdaptersPaths></RunConfiguration><LoggerRunSettings><Loggers><Logger friendlyName="blame" enabled="True" /><Logger friendlyName="Console" uri="logger://microsoft/TestPlatform/ConsoleLogger/v1" assemblyQualifiedName="Microsoft.VisualStudio.TestPlatform.CommandLine.Internal.ConsoleLogger, vstest.console, Version=15.0.0.0, Culture=neutral, PublicKeyToken=b03f5f7f11d50a3a" codeBase="C:\Program Files\dotnet\sdk\7.0.102\vstest.console.dll" enabled="True" /></Loggers></LoggerRunSettings><DataCollectionRunSettings><DataCollectors><DataCollector friendlyName="blame" enabled="True"><Configuration><ResultsDirectory>C:\Users\Daniel Martins\Desktop\Cofidis\ApiCofidisMicroCredit\ApiCofidisMicroCreditTests\bin\Debug\net6.0\fine-code-coverage\coverage-tool-output</ResultsDirectory></Configuration></DataCollector></DataCollectors></DataCollectionRunSettings></RunSettings> and sources System.Collections.Generic.List`1[System.String]: 
TpTrace Verbose: 0 : 22312, 1, 2024/05/03, 12:14:46.445, 2707391780356, vstest.console.dll, DataCollectionRequestSender.SendBeforeTestRunStartAndGetResult: Received message: (DataCollection.SendMessage) -> {"MessageType":"DataCollection.SendMessage","Payload":{"FriendlyName":null,"Uri":null,"TestCaseId":"00000000-0000-0000-0000-000000000000","Message":"Logging DataCollector Diagnostics in file: C:\\Users\\Daniel Martins\\Desktop\\Cofidis\\ApiCofidisMicroCredit\\ApiCofidisMicroCreditTests\\bin\\Debug\\net6.0\\fine-code-coverage\\coverage-tool-output\\diagnostics.datacollector.24-05-03_12-14-46_09929_1.log","Level":0}}
TpTrace Verbose: 0 : 22312, 1, 2024/05/03, 12:14:46.564, 2707392976634, vstest.console.dll, DataCollectionRequestSender.SendBeforeTestRunStartAndGetResult: Received message: (DataCollection.BeforeTestRunStartResult) -> {"MessageType":"DataCollection.BeforeTestRunStartResult","Payload":{"EnvironmentVariables":{},"DataCollectionEventsPort":63559}}
TpTrace Information: 0 : 22312, 1, 2024/05/03, 12:14:46.571, 2707393041577, vstest.console.dll, ProxyDataCollectionManager.BeforeTestRunStart: SendBeforeTestRunStartAndGetResult successful, env variable from datacollector:   and testhost port: 63559
TpTrace Information: 0 : 22312, 1, 2024/05/03, 12:14:46.571, 2707393042579, vstest.console.dll, ProxyDataCollectionManager.InvokeDataCollectionServiceAction: Completed.
TpTrace Verbose: 0 : 22312, 7, 2024/05/03, 12:14:46.571, 2707393044581, vstest.console.dll, ParallelProxyExecutionManager: Execution started. Started clients: 1
TpTrace Verbose: 0 : 22312, 1, 2024/05/03, 12:14:46.571, 2707393044899, vstest.console.dll, ProxyParallelExecutionManager: No sources available for execution.
TpTrace Information: 0 : 22312, 1, 2024/05/03, 12:14:46.571, 2707393047081, vstest.console.dll, TestRunRequest.ExecuteAsync: Started.
TpTrace Verbose: 0 : 22312, 1, 2024/05/03, 12:14:46.571, 2707393048396, vstest.console.dll, TestRunRequest.WaitForCompletion: Waiting with timeout -1.
TpTrace Verbose: 0 : 22312, 7, 2024/05/03, 12:14:46.572, 2707393049084, vstest.console.dll, TestRunRequest:SendTestRunMessage: Starting.
TpTrace Verbose: 0 : 22312, 7, 2024/05/03, 12:14:46.572, 2707393051229, vstest.console.dll, MulticastDelegateUtilities.SafeInvoke: TestRun.LogMessages: Invoking callback 1/1 for Microsoft.VisualStudio.TestPlatform.CommandLine.TestRunResultAggregator., took 0 ms.
TpTrace Information: 0 : 22312, 7, 2024/05/03, 12:14:46.572, 2707393051750, vstest.console.dll, TestRunRequest:SendTestRunMessage: Completed.
TpTrace Verbose: 0 : 22312, 4, 2024/05/03, 12:14:46.572, 2707393053975, vstest.console.dll, MulticastDelegateUtilities.SafeInvoke: InternalTestLoggerEvents.SendTestRunMessage: Invoking callback 1/1 for Microsoft.VisualStudio.TestPlatform.CommandLine.Internal.ConsoleLogger., took 0 ms.
TpTrace Verbose: 0 : 22312, 7, 2024/05/03, 12:14:46.572, 2707393054604, vstest.console.dll, ProxyExecutionManager: Test host is always Lazy initialize.
TpTrace Verbose: 0 : 22312, 7, 2024/05/03, 12:14:46.572, 2707393058049, vstest.console.dll, TestRequestSender.InitializeCommunication: initialize communication. 
TpTrace Information: 0 : 22312, 7, 2024/05/03, 12:14:46.573, 2707393067663, vstest.console.dll, SocketServer.Start: Listening on endpoint : 127.0.0.1:63560
TpTrace Verbose: 0 : 22312, 7, 2024/05/03, 12:14:46.574, 2707393076632, vstest.console.dll, DotnetTestHostmanager.GetTestHostProcessStartInfo: Platform environment 'X64' target architecture 'X64' framework '.NETCoreApp,Version=v6.0' OS 'Windows'
TpTrace Verbose: 0 : 22312, 7, 2024/05/03, 12:14:46.575, 2707393079812, vstest.console.dll, DotnetTestHostmanager: Adding  --runtimeconfig "C:\Users\Daniel Martins\Desktop\Cofidis\ApiCofidisMicroCredit\ApiCofidisMicroCreditTests\bin\Debug\net6.0\fine-code-coverage\build-output\ApiCofidisMicroCreditTests.runtimeconfig.json" in args
TpTrace Verbose: 0 : 22312, 7, 2024/05/03, 12:14:46.575, 2707393082098, vstest.console.dll, DotnetTestHostmanager: Adding  --depsfile "C:\Users\Daniel Martins\Desktop\Cofidis\ApiCofidisMicroCredit\ApiCofidisMicroCreditTests\bin\Debug\net6.0\fine-code-coverage\build-output\ApiCofidisMicroCreditTests.deps.json" in args
TpTrace Verbose: 0 : 22312, 7, 2024/05/03, 12:14:46.575, 2707393084057, vstest.console.dll, DotnetTestHostmanager.IsWinOnArm: Current PROCESSOR_ARCHITECTURE from environment variable 'AMD64'
TpTrace Verbose: 0 : 22312, 7, 2024/05/03, 12:14:46.575, 2707393084614, vstest.console.dll, DotnetTestHostmanager.IsWinOnArm: Is Windows on ARM 'False'
TpTrace Verbose: 0 : 22312, 7, 2024/05/03, 12:14:46.575, 2707393085471, vstest.console.dll, DotnetTestHostManager: testhost.exe found at path: C:\Users\Daniel Martins\Desktop\Cofidis\ApiCofidisMicroCredit\ApiCofidisMicroCreditTests\bin\Debug\net6.0\fine-code-coverage\build-output\testhost.exe
TpTrace Verbose: 0 : 22312, 7, 2024/05/03, 12:14:46.575, 2707393085913, vstest.console.dll, DotnetTestHostmanager: Full path of host exe is C:\Users\Daniel Martins\Desktop\Cofidis\ApiCofidisMicroCredit\ApiCofidisMicroCreditTests\bin\Debug\net6.0\fine-code-coverage\build-output\testhost.exe
TpTrace Verbose: 0 : 22312, 7, 2024/05/03, 12:14:46.575, 2707393087224, vstest.console.dll, DotnetTestHostmanager.LaunchTestHostAsync: Found 'VSTEST_WINAPPHOST_DOTNET_ROOT' in env variables, value 'C:\Program Files\dotnet', forwarding to 'DOTNET_ROOT'
TpTrace Verbose: 0 : 22312, 7, 2024/05/03, 12:14:46.576, 2707393089047, vstest.console.dll, DotnetTestHostManager: Starting process 'C:\Users\Daniel Martins\Desktop\Cofidis\ApiCofidisMicroCredit\ApiCofidisMicroCreditTests\bin\Debug\net6.0\fine-code-coverage\build-output\testhost.exe' with command line ' --runtimeconfig "C:\Users\Daniel Martins\Desktop\Cofidis\ApiCofidisMicroCredit\ApiCofidisMicroCreditTests\bin\Debug\net6.0\fine-code-coverage\build-output\ApiCofidisMicroCreditTests.runtimeconfig.json" --depsfile "C:\Users\Daniel Martins\Desktop\Cofidis\ApiCofidisMicroCredit\ApiCofidisMicroCreditTests\bin\Debug\net6.0\fine-code-coverage\build-output\ApiCofidisMicroCreditTests.deps.json" --port 63560 --endpoint 127.0.0.1:063560 --role client --parentprocessid 22312 --diag "C:\Users\Daniel Martins\Desktop\Cofidis\ApiCofidisMicroCredit\ApiCofidisMicroCreditTests\bin\Debug\net6.0\fine-code-coverage\coverage-tool-output\diagnostics.host.24-05-03_12-14-46_57434_7.log" --tracelevel 4 --datacollectionport 63559 --telemetryoptedin false'
TpTrace Verbose: 0 : 22312, 7, 2024/05/03, 12:14:46.589, 2707393222167, vstest.console.dll, MulticastDelegateUtilities.SafeInvoke: HostProviderEvents.OnHostLaunched: Invoking callback 1/2 for Microsoft.VisualStudio.TestPlatform.CrossPlatEngine.Client.ProxyExecutionManagerWithDataCollection., took 2 ms.
TpTrace Verbose: 0 : 22312, 7, 2024/05/03, 12:14:46.589, 2707393226104, vstest.console.dll, Test Runtime launched
TpTrace Verbose: 0 : 22312, 7, 2024/05/03, 12:14:46.589, 2707393226918, vstest.console.dll, MulticastDelegateUtilities.SafeInvoke: HostProviderEvents.OnHostLaunched: Invoking callback 2/2 for Microsoft.VisualStudio.TestPlatform.CrossPlatEngine.Client.ProxyOperationManager., took 0 ms.
TpTrace Verbose: 0 : 22312, 7, 2024/05/03, 12:14:46.590, 2707393229073, vstest.console.dll, TestRequestSender.WaitForRequestHandlerConnection: waiting for connection with timeout: 90000.
TpTrace Verbose: 0 : 22312, 7, 2024/05/03, 12:14:46.797, 2707395304257, vstest.console.dll, TestRequestSender.WaitForRequestHandlerConnection: waiting took 207 ms, with timeout 90000 ms, and result 0, which is success.
TpTrace Verbose: 0 : 22312, 12, 2024/05/03, 12:14:46.797, 2707395304256, vstest.console.dll, MulticastDelegateUtilities.SafeInvoke: SocketServer: ClientConnected: Invoking callback 1/1 for Microsoft.VisualStudio.TestPlatform.CommunicationUtilities.TestRequestSender., took 0 ms.
TpTrace Verbose: 0 : 22312, 12, 2024/05/03, 12:14:46.797, 2707395307187, vstest.console.dll, SocketServer.OnClientConnected: Client connected for endPoint: 127.0.0.1:63560, starting MessageLoopAsync:
TpTrace Verbose: 0 : 22312, 12, 2024/05/03, 12:14:46.798, 2707395310979, vstest.console.dll, TcpClientExtensions.MessageLoopAsync: Polling on remoteEndPoint: 127.0.0.1:63561 localEndPoint: 127.0.0.1:63560
TpTrace Verbose: 0 : 22312, 7, 2024/05/03, 12:14:46.799, 2707395322994, vstest.console.dll, TestRequestSender.CheckVersionWithTestHost: Sending check version message: {"MessageType":"ProtocolVersion","Payload":7}
TpTrace Verbose: 0 : 22312, 12, 2024/05/03, 12:14:47.009, 2707397422862, vstest.console.dll, TcpClientExtensions.MessageLoopAsync: NotifyDataAvailable remoteEndPoint: 127.0.0.1:63561 localEndPoint: 127.0.0.1:63560
TpTrace Verbose: 0 : 22312, 12, 2024/05/03, 12:14:47.009, 2707397426535, vstest.console.dll, TestRequestSender.CheckVersionWithTestHost: onMessageReceived received message: (ProtocolVersion) -> {"MessageType":"ProtocolVersion","Payload":5}
TpTrace Verbose: 0 : 22312, 12, 2024/05/03, 12:14:47.010, 2707397436434, vstest.console.dll, MulticastDelegateUtilities.SafeInvoke: LengthPrefixCommunicationChannel: MessageReceived: Invoking callback 1/1 for Microsoft.VisualStudio.TestPlatform.CommunicationUtilities.TestRequestSender+<>c__DisplayClass26_0., took 1 ms.
TpTrace Verbose: 0 : 22312, 7, 2024/05/03, 12:14:47.010, 2707397437423, vstest.console.dll, TestPluginCache.GetExtensionPaths: Filtered extension paths: 
TpTrace Verbose: 0 : 22312, 12, 2024/05/03, 12:14:47.010, 2707397437767, vstest.console.dll, TcpClientExtensions.MessageLoopAsync: Polling on remoteEndPoint: 127.0.0.1:63561 localEndPoint: 127.0.0.1:63560
TpTrace Verbose: 0 : 22312, 7, 2024/05/03, 12:14:47.010, 2707397438471, vstest.console.dll, TestPluginCache.GetExtensionPaths: Added default extension paths: C:\Program Files\dotnet\sdk\7.0.102\Extensions\Microsoft.Diagnostics.NETCore.Client.dll
C:\Program Files\dotnet\sdk\7.0.102\Extensions\Microsoft.TestPlatform.Extensions.BlameDataCollector.dll
C:\Program Files\dotnet\sdk\7.0.102\Extensions\Microsoft.TestPlatform.Extensions.EventLogCollector.dll
C:\Program Files\dotnet\sdk\7.0.102\Extensions\Microsoft.TestPlatform.TestHostRuntimeProvider.dll
C:\Program Files\dotnet\sdk\7.0.102\Extensions\Microsoft.VisualStudio.TestPlatform.Extensions.Html.TestLogger.dll
C:\Program Files\dotnet\sdk\7.0.102\Extensions\Microsoft.VisualStudio.TestPlatform.Extensions.Trx.TestLogger.dll
TpTrace Verbose: 0 : 22312, 7, 2024/05/03, 12:14:47.011, 2707397439798, vstest.console.dll, TestPluginCache.GetExtensionPaths: Added unfilterableExtensionPaths: 
TpTrace Verbose: 0 : 22312, 7, 2024/05/03, 12:14:47.014, 2707397476962, vstest.console.dll, TestRequestSender.InitializeExecution: Sending initialize execution with message: {"Version":5,"MessageType":"TestExecution.Initialize","Payload":["C:\\Users\\Daniel Martins\\Desktop\\Cofidis\\ApiCofidisMicroCredit\\ApiCofidisMicroCreditTests\\bin\\Debug\\net6.0\\fine-code-coverage\\build-output\\NUnit3.TestAdapter.dll"]}
TpTrace Warning: 0 : 22312, 7, 2024/05/03, 12:14:47.015, 2707397482778, vstest.console.dll, InferRunSettingsHelper.MakeRunsettingsCompatible: Removing the following settings: TargetPlatform from RunSettings file. To use those settings please move to latest version of Microsoft.NET.Test.Sdk
TpTrace Verbose: 0 : 22312, 12, 2024/05/03, 12:14:47.023, 2707397564898, vstest.console.dll, TcpClientExtensions.MessageLoopAsync: NotifyDataAvailable remoteEndPoint: 127.0.0.1:63561 localEndPoint: 127.0.0.1:63560
TpTrace Verbose: 0 : 22312, 12, 2024/05/03, 12:14:47.024, 2707397569864, vstest.console.dll, TestRequestSender.OnExecutionMessageReceived: Received message: {"Version":5,"MessageType":"TestSession.Message","Payload":{"MessageLevel":0,"Message":"Logging TestHost Diagnostics in file: C:\\Users\\Daniel Martins\\Desktop\\Cofidis\\ApiCofidisMicroCredit\\ApiCofidisMicroCreditTests\\bin\\Debug\\net6.0\\fine-code-coverage\\coverage-tool-output\\diagnostics.host.24-05-03_12-14-46_57434_7.log"}}
TpTrace Verbose: 0 : 22312, 12, 2024/05/03, 12:14:47.029, 2707397618587, vstest.console.dll, TestRunRequest:SendTestRunMessage: Starting.
TpTrace Verbose: 0 : 22312, 12, 2024/05/03, 12:14:47.029, 2707397621118, vstest.console.dll, MulticastDelegateUtilities.SafeInvoke: TestRun.LogMessages: Invoking callback 1/1 for Microsoft.VisualStudio.TestPlatform.CommandLine.TestRunResultAggregator., took 0 ms.
TpTrace Verbose: 0 : 22312, 4, 2024/05/03, 12:14:47.029, 2707397621478, vstest.console.dll, MulticastDelegateUtilities.SafeInvoke: InternalTestLoggerEvents.SendTestRunMessage: Invoking callback 1/1 for Microsoft.VisualStudio.TestPlatform.CommandLine.Internal.ConsoleLogger., took 0 ms.
TpTrace Information: 0 : 22312, 12, 2024/05/03, 12:14:47.029, 2707397621666, vstest.console.dll, TestRunRequest:SendTestRunMessage: Completed.
TpTrace Verbose: 0 : 22312, 12, 2024/05/03, 12:14:47.029, 2707397623354, vstest.console.dll, MulticastDelegateUtilities.SafeInvoke: LengthPrefixCommunicationChannel: MessageReceived: Invoking callback 1/1 for Microsoft.VisualStudio.TestPlatform.CommunicationUtilities.TestRequestSender+<>c__DisplayClass31_0., took 5 ms.
TpTrace Verbose: 0 : 22312, 12, 2024/05/03, 12:14:47.029, 2707397623927, vstest.console.dll, TcpClientExtensions.MessageLoopAsync: Polling on remoteEndPoint: 127.0.0.1:63561 localEndPoint: 127.0.0.1:63560
TpTrace Verbose: 0 : 22312, 7, 2024/05/03, 12:14:47.030, 2707397629666, vstest.console.dll, TestRequestSender.StartTestRun: Sending test run with message: {"Version":5,"MessageType":"TestExecution.StartWithSources","Payload":{"AdapterSourceMap":{"_none_":["C:\\Users\\Daniel Martins\\Desktop\\Cofidis\\ApiCofidisMicroCredit\\ApiCofidisMicroCreditTests\\bin\\Debug\\net6.0\\fine-code-coverage\\build-output\\ApiCofidisMicroCreditTests.dll"]},"RunSettings":"<RunSettings>\r\n  <RunConfiguration>\r\n    <ResultsDirectory>C:\\Users\\Daniel Martins\\Desktop\\Cofidis\\ApiCofidisMicroCredit\\ApiCofidisMicroCreditTests\\bin\\Debug\\net6.0\\fine-code-coverage\\coverage-tool-output</ResultsDirectory>\r\n    <TargetFrameworkVersion>.NETCoreApp,Version=v6.0</TargetFrameworkVersion>\r\n    <DesignMode>False</DesignMode>\r\n    <CollectSourceInformation>False</CollectSourceInformation>\r\n  </RunConfiguration>\r\n  <LoggerRunSettings>\r\n    <Loggers>\r\n      <Logger friendlyName=\"blame\" enabled=\"True\" />\r\n      <Logger friendlyName=\"Console\" uri=\"logger://microsoft/TestPlatform/ConsoleLogger/v1\" assemblyQualifiedName=\"Microsoft.VisualStudio.TestPlatform.CommandLine.Internal.ConsoleLogger, vstest.console, Version=15.0.0.0, Culture=neutral, PublicKeyToken=b03f5f7f11d50a3a\" codeBase=\"C:\\Program Files\\dotnet\\sdk\\7.0.102\\vstest.console.dll\" enabled=\"True\" />\r\n    </Loggers>\r\n  </LoggerRunSettings>\r\n  <DataCollectionRunSettings>\r\n    <DataCollectors>\r\n      <DataCollector friendlyName=\"blame\" enabled=\"True\">\r\n        <Configuration>\r\n          <ResultsDirectory>C:\\Users\\Daniel Martins\\Desktop\\Cofidis\\ApiCofidisMicroCredit\\ApiCofidisMicroCreditTests\\bin\\Debug\\net6.0\\fine-code-coverage\\coverage-tool-output</ResultsDirectory>\r\n        </Configuration>\r\n      </DataCollector>\r\n    </DataCollectors>\r\n  </DataCollectionRunSettings>\r\n</RunSettings>","TestExecutionContext":{"FrequencyOfRunStatsChangeEvent":10,"RunStatsChangeEventTimeout":"00:00:01.5000000","InIsolation":false,"KeepAlive":false,"AreTestCaseLevelEventsRequired":false,"IsDebug":false,"TestCaseFilter":null,"FilterOptions":null},"Package":null}}
TpTrace Verbose: 0 : 22312, 12, 2024/05/03, 12:14:47.255, 2707399881343, vstest.console.dll, TcpClientExtensions.MessageLoopAsync: NotifyDataAvailable remoteEndPoint: 127.0.0.1:63561 localEndPoint: 127.0.0.1:63560
TpTrace Verbose: 0 : 22312, 12, 2024/05/03, 12:14:47.255, 2707399884091, vstest.console.dll, TestRequestSender.OnExecutionMessageReceived: Received message: {"Version":5,"MessageType":"TestSession.Message","Payload":{"MessageLevel":0,"Message":"NUnit Adapter 4.2.0.0: Test execution started"}}
TpTrace Verbose: 0 : 22312, 12, 2024/05/03, 12:14:47.255, 2707399888061, vstest.console.dll, TestRunRequest:SendTestRunMessage: Starting.
TpTrace Verbose: 0 : 22312, 12, 2024/05/03, 12:14:47.256, 2707399889056, vstest.console.dll, MulticastDelegateUtilities.SafeInvoke: TestRun.LogMessages: Invoking callback 1/1 for Microsoft.VisualStudio.TestPlatform.CommandLine.TestRunResultAggregator., took 0 ms.
TpTrace Information: 0 : 22312, 12, 2024/05/03, 12:14:47.256, 2707399889566, vstest.console.dll, TestRunRequest:SendTestRunMessage: Completed.
TpTrace Verbose: 0 : 22312, 4, 2024/05/03, 12:14:47.256, 2707399889758, vstest.console.dll, MulticastDelegateUtilities.SafeInvoke: InternalTestLoggerEvents.SendTestRunMessage: Invoking callback 1/1 for Microsoft.VisualStudio.TestPlatform.CommandLine.Internal.ConsoleLogger., took 0 ms.
TpTrace Verbose: 0 : 22312, 12, 2024/05/03, 12:14:47.256, 2707399890101, vstest.console.dll, MulticastDelegateUtilities.SafeInvoke: LengthPrefixCommunicationChannel: MessageReceived: Invoking callback 1/1 for Microsoft.VisualStudio.TestPlatform.CommunicationUtilities.TestRequestSender+<>c__DisplayClass31_0., took 0 ms.
TpTrace Verbose: 0 : 22312, 12, 2024/05/03, 12:14:47.256, 2707399891983, vstest.console.dll, TcpClientExtensions.MessageLoopAsync: Polling on remoteEndPoint: 127.0.0.1:63561 localEndPoint: 127.0.0.1:63560
TpTrace Verbose: 0 : 22312, 12, 2024/05/03, 12:14:47.303, 2707400366824, vstest.console.dll, TcpClientExtensions.MessageLoopAsync: NotifyDataAvailable remoteEndPoint: 127.0.0.1:63561 localEndPoint: 127.0.0.1:63560
TpTrace Verbose: 0 : 22312, 12, 2024/05/03, 12:14:47.304, 2707400369477, vstest.console.dll, TestRequestSender.OnExecutionMessageReceived: Received message: {"Version":5,"MessageType":"TestSession.Message","Payload":{"MessageLevel":0,"Message":"Running all tests in C:\\Users\\Daniel Martins\\Desktop\\Cofidis\\ApiCofidisMicroCredit\\ApiCofidisMicroCreditTests\\bin\\Debug\\net6.0\\fine-code-coverage\\build-output\\ApiCofidisMicroCreditTests.dll"}}
TpTrace Verbose: 0 : 22312, 12, 2024/05/03, 12:14:47.304, 2707400371413, vstest.console.dll, TestRunRequest:SendTestRunMessage: Starting.
TpTrace Verbose: 0 : 22312, 12, 2024/05/03, 12:14:47.304, 2707400372153, vstest.console.dll, MulticastDelegateUtilities.SafeInvoke: TestRun.LogMessages: Invoking callback 1/1 for Microsoft.VisualStudio.TestPlatform.CommandLine.TestRunResultAggregator., took 0 ms.
TpTrace Information: 0 : 22312, 12, 2024/05/03, 12:14:47.304, 2707400372703, vstest.console.dll, TestRunRequest:SendTestRunMessage: Completed.
TpTrace Verbose: 0 : 22312, 4, 2024/05/03, 12:14:47.304, 2707400372702, vstest.console.dll, MulticastDelegateUtilities.SafeInvoke: InternalTestLoggerEvents.SendTestRunMessage: Invoking callback 1/1 for Microsoft.VisualStudio.TestPlatform.CommandLine.Internal.ConsoleLogger., took 0 ms.
TpTrace Verbose: 0 : 22312, 12, 2024/05/03, 12:14:47.304, 2707400373196, vstest.console.dll, MulticastDelegateUtilities.SafeInvoke: LengthPrefixCommunicationChannel: MessageReceived: Invoking callback 1/1 for Microsoft.VisualStudio.TestPlatform.CommunicationUtilities.TestRequestSender+<>c__DisplayClass31_0., took 0 ms.
TpTrace Verbose: 0 : 22312, 12, 2024/05/03, 12:14:47.304, 2707400374656, vstest.console.dll, TcpClientExtensions.MessageLoopAsync: Polling on remoteEndPoint: 127.0.0.1:63561 localEndPoint: 127.0.0.1:63560
TpTrace Verbose: 0 : 22312, 12, 2024/05/03, 12:14:47.509, 2707402423412, vstest.console.dll, TcpClientExtensions.MessageLoopAsync: NotifyDataAvailable remoteEndPoint: 127.0.0.1:63561 localEndPoint: 127.0.0.1:63560
TpTrace Verbose: 0 : 22312, 12, 2024/05/03, 12:14:47.509, 2707402425698, vstest.console.dll, TestRequestSender.OnExecutionMessageReceived: Received message: {"Version":5,"MessageType":"TestSession.Message","Payload":{"MessageLevel":0,"Message":"   NUnit3TestExecutor discovered 35 of 35 NUnit test cases using Current Discovery mode, Non-Explicit run"}}
TpTrace Verbose: 0 : 22312, 12, 2024/05/03, 12:14:47.509, 2707402428096, vstest.console.dll, TestRunRequest:SendTestRunMessage: Starting.
TpTrace Verbose: 0 : 22312, 12, 2024/05/03, 12:14:47.510, 2707402428986, vstest.console.dll, MulticastDelegateUtilities.SafeInvoke: TestRun.LogMessages: Invoking callback 1/1 for Microsoft.VisualStudio.TestPlatform.CommandLine.TestRunResultAggregator., took 0 ms.
TpTrace Information: 0 : 22312, 12, 2024/05/03, 12:14:47.510, 2707402429366, vstest.console.dll, TestRunRequest:SendTestRunMessage: Completed.
TpTrace Verbose: 0 : 22312, 12, 2024/05/03, 12:14:47.510, 2707402429738, vstest.console.dll, MulticastDelegateUtilities.SafeInvoke: LengthPrefixCommunicationChannel: MessageReceived: Invoking callback 1/1 for Microsoft.VisualStudio.TestPlatform.CommunicationUtilities.TestRequestSender+<>c__DisplayClass31_0., took 0 ms.
TpTrace Verbose: 0 : 22312, 4, 2024/05/03, 12:14:47.510, 2707402429672, vstest.console.dll, MulticastDelegateUtilities.SafeInvoke: InternalTestLoggerEvents.SendTestRunMessage: Invoking callback 1/1 for Microsoft.VisualStudio.TestPlatform.CommandLine.Internal.ConsoleLogger., took 0 ms.
TpTrace Verbose: 0 : 22312, 12, 2024/05/03, 12:14:47.510, 2707402430250, vstest.console.dll, TcpClientExtensions.MessageLoopAsync: Polling on remoteEndPoint: 127.0.0.1:63561 localEndPoint: 127.0.0.1:63560
TpTrace Verbose: 0 : 22312, 12, 2024/05/03, 12:14:47.807, 2707405406149, vstest.console.dll, TcpClientExtensions.MessageLoopAsync: NotifyDataAvailable remoteEndPoint: 127.0.0.1:63561 localEndPoint: 127.0.0.1:63560
TpTrace Verbose: 0 : 22312, 12, 2024/05/03, 12:14:47.808, 2707405411068, vstest.console.dll, TestRequestSender.OnExecutionMessageReceived: Received message: {"Version":5,"MessageType":"TestExecution.StatsChange","Payload":{"NewTestResults":[{"TestCase":{"Id":"1f603d41-f454-d9e7-c69b-802d608e90df","FullyQualifiedName":"ApiCofidisMicroCreditTests.Controller.AuthenticationControllerTests.LogIn_BadRequest","DisplayName":"LogIn_BadRequest","ExecutorUri":"executor://NUnit3TestExecutor","Source":"C:\\Users\\Daniel Martins\\Desktop\\Cofidis\\ApiCofidisMicroCredit\\ApiCofidisMicroCreditTests\\bin\\Debug\\net6.0\\fine-code-coverage\\build-output\\ApiCofidisMicroCreditTests.dll","CodeFilePath":null,"LineNumber":0,"Properties":[{"Key":{"Id":"NUnit.Seed","Label":"Seed","Category":"","Description":"","Attributes":0,"ValueType":"System.String"},"Value":"1576805294"}]},"Attachments":[],"Outcome":1,"ErrorMessage":null,"ErrorStackTrace":null,"DisplayName":"LogIn_BadRequest","Messages":[],"ComputerName":"DESKTOP-3F563FT","Duration":"00:00:00.1155680","StartTime":"2024-05-03T11:14:47.5743269+00:00","EndTime":"2024-05-03T11:14:47.6897661+00:00","Properties":[{"Key":{"Id":"NUnit.Seed","Label":"Seed","Category":"","Description":"","Attributes":0,"ValueType":"System.String"},"Value":"1576805294"}]},{"TestCase":{"Id":"279da1aa-06bf-9f21-607c-b1c7983d064d","FullyQualifiedName":"ApiCofidisMicroCreditTests.Controller.AuthenticationControllerTests.LogIn_BadRequest_2","DisplayName":"LogIn_BadRequest_2","ExecutorUri":"executor://NUnit3TestExecutor","Source":"C:\\Users\\Daniel Martins\\Desktop\\Cofidis\\ApiCofidisMicroCredit\\ApiCofidisMicroCreditTests\\bin\\Debug\\net6.0\\fine-code-coverage\\build-output\\ApiCofidisMicroCreditTests.dll","CodeFilePath":null,"LineNumber":0,"Properties":[{"Key":{"Id":"NUnit.Seed","Label":"Seed","Category":"","Description":"","Attributes":0,"ValueType":"System.String"},"Value":"1372921809"}]},"Attachments":[],"Outcome":1,"ErrorMessage":null,"ErrorStackTrace":null,"DisplayName":"LogIn_BadRequest_2","Messages":[],"ComputerName":"DESKTOP-3F563FT","Duration":"00:00:00.0004580","StartTime":"2024-05-03T11:14:47.6922878+00:00","EndTime":"2024-05-03T11:14:47.6927457+00:00","Properties":[{"Key":{"Id":"NUnit.Seed","Label":"Seed","Category":"","Description":"","Attributes":0,"ValueType":"System.String"},"Value":"1372921809"}]},{"TestCase":{"Id":"35836369-0f12-d4af-97ea-807b64e6bed6","FullyQualifiedName":"ApiCofidisMicroCreditTests.Controller.AuthenticationControllerTests.LogIn_Success","DisplayName":"LogIn_Success","ExecutorUri":"executor://NUnit3TestExecutor","Source":"C:\\Users\\Daniel Martins\\Desktop\\Cofidis\\ApiCofidisMicroCredit\\ApiCofidisMicroCreditTests\\bin\\Debug\\net6.0\\fine-code-coverage\\build-output\\ApiCofidisMicroCreditTests.dll","CodeFilePath":null,"LineNumber":0,"Properties":[{"Key":{"Id":"NUnit.Seed","Label":"Seed","Category":"","Description":"","Attributes":0,"ValueType":"System.String"},"Value":"620822033"}]},"Attachments":[],"Outcome":1,"ErrorMessage":null,"ErrorStackTrace":null,"DisplayName":"LogIn_Success","Messages":[],"ComputerName":"DESKTOP-3F563FT","Duration":"00:00:00.0070440","StartTime":"2024-05-03T11:14:47.6927739+00:00","EndTime":"2024-05-03T11:14:47.6998172+00:00","Properties":[{"Key":{"Id":"NUnit.Seed","Label":"Seed","Category":"","Description":"","Attributes":0,"ValueType":"System.String"},"Value":"620822033"}]},{"TestCase":{"Id":"90ed4156-07d9-0588-ca51-7a57a0ba02c8","FullyQualifiedName":"ApiCofidisMicroCreditTests.Controller.AuthenticationControllerTests.LogIn_ThrowsException","DisplayName":"LogIn_ThrowsException","ExecutorUri":"executor://NUnit3TestExecutor","Source":"C:\\Users\\Daniel Martins\\Desktop\\Cofidis\\ApiCofidisMicroCredit\\ApiCofidisMicroCreditTests\\bin\\Debug\\net6.0\\fine-code-coverage\\build-output\\ApiCofidisMicroCreditTests.dll","CodeFilePath":null,"LineNumber":0,"Properties":[{"Key":{"Id":"NUnit.Seed","Label":"Seed","Category":"","Description":"","Attributes":0,"ValueType":"System.String"},"Value":"1857873023"}]},"Attachments":[],"Outcome":1,"ErrorMessage":null,"ErrorStackTrace":null,"DisplayName":"LogIn_ThrowsException","Messages":[],"ComputerName":"DESKTOP-3F563FT","Duration":"00:00:00.0350480","StartTime":"2024-05-03T11:14:47.6998454+00:00","EndTime":"2024-05-03T11:14:47.734893+00:00","Properties":[{"Key":{"Id":"NUnit.Seed","Label":"Seed","Category":"","Description":"","Attributes":0,"ValueType":"System.String"},"Value":"1857873023"}]},{"TestCase":{"Id":"5b4bcd59-7a1a-e204-be0c-3c2d3bb51045","FullyQualifiedName":"ApiCofidisMicroCreditTests.Controller.AuthenticationControllerTests.SignIn_BadRequest","DisplayName":"SignIn_BadRequest","ExecutorUri":"executor://NUnit3TestExecutor","Source":"C:\\Users\\Daniel Martins\\Desktop\\Cofidis\\ApiCofidisMicroCredit\\ApiCofidisMicroCreditTests\\bin\\Debug\\net6.0\\fine-code-coverage\\build-output\\ApiCofidisMicroCreditTests.dll","CodeFilePath":null,"LineNumber":0,"Properties":[{"Key":{"Id":"NUnit.Seed","Label":"Seed","Category":"","Description":"","Attributes":0,"ValueType":"System.String"},"Value":"675602634"}]},"Attachments":[],"Outcome":1,"ErrorMessage":null,"ErrorStackTrace":null,"DisplayName":"SignIn_BadRequest","Messages":[],"ComputerName":"DESKTOP-3F563FT","Duration":"00:00:00.0005590","StartTime":"2024-05-03T11:14:47.734923+00:00","EndTime":"2024-05-03T11:14:47.7354816+00:00","Properties":[{"Key":{"Id":"NUnit.Seed","Label":"Seed","Category":"","Description":"","Attributes":0,"ValueType":"System.String"},"Value":"675602634"}]},{"TestCase":{"Id":"9e18ed14-232e-aca6-1395-fdae3c70fc36","FullyQualifiedName":"ApiCofidisMicroCreditTests.Controller.AuthenticationControllerTests.SignIn_Success","DisplayName":"SignIn_Success","ExecutorUri":"executor://NUnit3TestExecutor","Source":"C:\\Users\\Daniel Martins\\Desktop\\Cofidis\\ApiCofidisMicroCredit\\ApiCofidisMicroCreditTests\\bin\\Debug\\net6.0\\fine-code-coverage\\build-output\\ApiCofidisMicroCreditTests.dll","CodeFilePath":null,"LineNumber":0,"Properties":[{"Key":{"Id":"NUnit.Seed","Label":"Seed","Category":"","Description":"","Attributes":0,"ValueType":"System.String"},"Value":"1020878347"}]},"Attachments":[],"Outcome":1,"ErrorMessage":null,"ErrorStackTrace":null,"DisplayName":"SignIn_Success","Messages":[],"ComputerName":"DESKTOP-3F563FT","Duration":"00:00:00.0075520","StartTime":"2024-05-03T11:14:47.7354981+00:00","EndTime":"2024-05-03T11:14:47.7430501+00:00","Properties":[{"Key":{"Id":"NUnit.Seed","Label":"Seed","Category":"","Description":"","Attributes":0,"ValueType":"System.String"},"Value":"1020878347"}]},{"TestCase":{"Id":"51da47bc-2cfd-87a5-5be3-95fb4afe079d","FullyQualifiedName":"ApiCofidisMicroCreditTests.Controller.AuthenticationControllerTests.SignIn_ThrowsException","DisplayName":"SignIn_ThrowsException","ExecutorUri":"executor://NUnit3TestExecutor","Source":"C:\\Users\\Daniel Martins\\Desktop\\Cofidis\\ApiCofidisMicroCredit\\ApiCofidisMicroCreditTests\\bin\\Debug\\net6.0\\fine-code-coverage\\build-output\\ApiCofidisMicroCreditTests.dll","CodeFilePath":null,"LineNumber":0,"Properties":[{"Key":{"Id":"NUnit.Seed","Label":"Seed","Category":"","Description":"","Attributes":0,"ValueType":"System.String"},"Value":"1765052869"}]},"Attachments":[],"Outcome":1,"ErrorMessage":null,"ErrorStackTrace":null,"DisplayName":"SignIn_ThrowsException","Messages":[],"ComputerName":"DESKTOP-3F563FT","Duration":"00:00:00.0011210","StartTime":"2024-05-03T11:14:47.7430816+00:00","EndTime":"2024-05-03T11:14:47.7442029+00:00","Properties":[{"Key":{"Id":"NUnit.Seed","Label":"Seed","Category":"","Description":"","Attributes":0,"ValueType":"System.String"},"Value":"1765052869"}]},{"TestCase":{"Id":"b99834f4-fe81-2541-619e-1f86946ef0f2","FullyQualifiedName":"ApiCofidisMicroCreditTests.Controller.ClientControllerTests.GetClientCreditLimit_ClientId_Empty","DisplayName":"GetClientCreditLimit_ClientId_Empty","ExecutorUri":"executor://NUnit3TestExecutor","Source":"C:\\Users\\Daniel Martins\\Desktop\\Cofidis\\ApiCofidisMicroCredit\\ApiCofidisMicroCreditTests\\bin\\Debug\\net6.0\\fine-code-coverage\\build-output\\ApiCofidisMicroCreditTests.dll","CodeFilePath":null,"LineNumber":0,"Properties":[{"Key":{"Id":"NUnit.Seed","Label":"Seed","Category":"","Description":"","Attributes":0,"ValueType":"System.String"},"Value":"1813726538"}]},"Attachments":[],"Outcome":1,"ErrorMessage":null,"ErrorStackTrace":null,"DisplayName":"GetClientCreditLimit_ClientId_Empty","Messages":[],"ComputerName":"DESKTOP-3F563FT","Duration":"00:00:00.0074500","StartTime":"2024-05-03T11:14:47.7534718+00:00","EndTime":"2024-05-03T11:14:47.7609214+00:00","Properties":[{"Key":{"Id":"NUnit.Seed","Label":"Seed","Category":"","Description":"","Attributes":0,"ValueType":"System.String"},"Value":"1813726538"}]},{"TestCase":{"Id":"5dc42eec-79e7-baec-697d-5e121835ab8c","FullyQualifiedName":"ApiCofidisMicroCreditTests.Controller.ClientControllerTests.GetClientCreditLimit_ClientNotExists","DisplayName":"GetClientCreditLimit_ClientNotExists","ExecutorUri":"executor://NUnit3TestExecutor","Source":"C:\\Users\\Daniel Martins\\Desktop\\Cofidis\\ApiCofidisMicroCredit\\ApiCofidisMicroCreditTests\\bin\\Debug\\net6.0\\fine-code-coverage\\build-output\\ApiCofidisMicroCreditTests.dll","CodeFilePath":null,"LineNumber":0,"Properties":[{"Key":{"Id":"NUnit.Seed","Label":"Seed","Category":"","Description":"","Attributes":0,"ValueType":"System.String"},"Value":"646511388"}]},"Attachments":[],"Outcome":1,"ErrorMessage":null,"ErrorStackTrace":null,"DisplayName":"GetClientCreditLimit_ClientNotExists","Messages":[],"ComputerName":"DESKTOP-3F563FT","Duration":"00:00:00.0003540","StartTime":"2024-05-03T11:14:47.7609551+00:00","EndTime":"2024-05-03T11:14:47.7613088+00:00","Properties":[{"Key":{"Id":"NUnit.Seed","Label":"Seed","Category":"","Description":"","Attributes":0,"ValueType":"System.String"},"Value":"646511388"}]}],"TestRunStatistics":{"ExecutedTests":9,"Stats":{"Passed":9}},"ActiveTests":[{"Id":"78d32ba8-ecce-2035-f4df-69ddcce13dd3","FullyQualifiedName":"ApiCofidisMicroCreditTests.Controller.ClientControllerTests.GetClientCreditLimit_CreditLimitError","DisplayName":"GetClientCreditLimit_CreditLimitError","ExecutorUri":"executor://NUnit3TestExecutor","Source":"C:\\Users\\Daniel Martins\\Desktop\\Cofidis\\ApiCofidisMicroCredit\\ApiCofidisMicroCreditTests\\bin\\Debug\\net6.0\\fine-code-coverage\\build-output\\ApiCofidisMicroCreditTests.dll","CodeFilePath":null,"LineNumber":0,"Properties":[{"Key":{"Id":"NUnit.Seed","Label":"Seed","Category":"","Description":"","Attributes":0,"ValueType":"System.String"},"Value":"297279594"}]}]}}
TpTrace Verbose: 0 : 22312, 12, 2024/05/03, 12:14:47.848, 2707405812051, vstest.console.dll, TestRunRequest:SendTestRunStatsChange: Starting.
TpTrace Verbose: 0 : 22312, 12, 2024/05/03, 12:14:47.848, 2707405815011, vstest.console.dll, InProgress is GetClientCreditLimit_CreditLimitError
TpTrace Verbose: 0 : 22312, 12, 2024/05/03, 12:14:47.849, 2707405818823, vstest.console.dll, MulticastDelegateUtilities.SafeInvoke: TestRun.RunStatsChanged: Invoking callbacks was skipped because there are no subscribers.
TpTrace Information: 0 : 22312, 12, 2024/05/03, 12:14:47.849, 2707405819344, vstest.console.dll, TestRunRequest:SendTestRunStatsChange: Completed.
TpTrace Verbose: 0 : 22312, 12, 2024/05/03, 12:14:47.849, 2707405819855, vstest.console.dll, MulticastDelegateUtilities.SafeInvoke: LengthPrefixCommunicationChannel: MessageReceived: Invoking callback 1/1 for Microsoft.VisualStudio.TestPlatform.CommunicationUtilities.TestRequestSender+<>c__DisplayClass31_0., took 40 ms.
TpTrace Verbose: 0 : 22312, 12, 2024/05/03, 12:14:47.849, 2707405820304, vstest.console.dll, TcpClientExtensions.MessageLoopAsync: Polling on remoteEndPoint: 127.0.0.1:63561 localEndPoint: 127.0.0.1:63560
TpTrace Verbose: 0 : 22312, 12, 2024/05/03, 12:14:47.849, 2707405820849, vstest.console.dll, TcpClientExtensions.MessageLoopAsync: NotifyDataAvailable remoteEndPoint: 127.0.0.1:63561 localEndPoint: 127.0.0.1:63560
TpTrace Verbose: 0 : 22312, 12, 2024/05/03, 12:14:47.849, 2707405823613, vstest.console.dll, TestRequestSender.OnExecutionMessageReceived: Received message: {"Version":5,"MessageType":"TestExecution.StatsChange","Payload":{"NewTestResults":[{"TestCase":{"Id":"78d32ba8-ecce-2035-f4df-69ddcce13dd3","FullyQualifiedName":"ApiCofidisMicroCreditTests.Controller.ClientControllerTests.GetClientCreditLimit_CreditLimitError","DisplayName":"GetClientCreditLimit_CreditLimitError","ExecutorUri":"executor://NUnit3TestExecutor","Source":"C:\\Users\\Daniel Martins\\Desktop\\Cofidis\\ApiCofidisMicroCredit\\ApiCofidisMicroCreditTests\\bin\\Debug\\net6.0\\fine-code-coverage\\build-output\\ApiCofidisMicroCreditTests.dll","CodeFilePath":null,"LineNumber":0,"Properties":[{"Key":{"Id":"NUnit.Seed","Label":"Seed","Category":"","Description":"","Attributes":0,"ValueType":"System.String"},"Value":"297279594"}]},"Attachments":[],"Outcome":1,"ErrorMessage":null,"ErrorStackTrace":null,"DisplayName":"GetClientCreditLimit_CreditLimitError","Messages":[],"ComputerName":"DESKTOP-3F563FT","Duration":"00:00:00.0217240","StartTime":"2024-05-03T11:14:47.76132+00:00","EndTime":"2024-05-03T11:14:47.783044+00:00","Properties":[{"Key":{"Id":"NUnit.Seed","Label":"Seed","Category":"","Description":"","Attributes":0,"ValueType":"System.String"},"Value":"297279594"}]},{"TestCase":{"Id":"e54577fa-38d6-2c42-790f-e20fa13b5040","FullyQualifiedName":"ApiCofidisMicroCreditTests.Controller.ClientControllerTests.GetClientCreditLimit_Success","DisplayName":"GetClientCreditLimit_Success","ExecutorUri":"executor://NUnit3TestExecutor","Source":"C:\\Users\\Daniel Martins\\Desktop\\Cofidis\\ApiCofidisMicroCredit\\ApiCofidisMicroCreditTests\\bin\\Debug\\net6.0\\fine-code-coverage\\build-output\\ApiCofidisMicroCreditTests.dll","CodeFilePath":null,"LineNumber":0,"Properties":[{"Key":{"Id":"NUnit.Seed","Label":"Seed","Category":"","Description":"","Attributes":0,"ValueType":"System.String"},"Value":"814232735"}]},"Attachments":[],"Outcome":1,"ErrorMessage":null,"ErrorStackTrace":null,"DisplayName":"GetClientCreditLimit_Success","Messages":[],"ComputerName":"DESKTOP-3F563FT","Duration":"00:00:00.0060130","StartTime":"2024-05-03T11:14:47.7830713+00:00","EndTime":"2024-05-03T11:14:47.7890837+00:00","Properties":[{"Key":{"Id":"NUnit.Seed","Label":"Seed","Category":"","Description":"","Attributes":0,"ValueType":"System.String"},"Value":"814232735"}]},{"TestCase":{"Id":"27170e1b-500d-f958-0d1d-55359e8d6b6d","FullyQualifiedName":"ApiCofidisMicroCreditTests.Controller.ClientControllerTests.GetClientCreditLimit_ThrowsException","DisplayName":"GetClientCreditLimit_ThrowsException","ExecutorUri":"executor://NUnit3TestExecutor","Source":"C:\\Users\\Daniel Martins\\Desktop\\Cofidis\\ApiCofidisMicroCredit\\ApiCofidisMicroCreditTests\\bin\\Debug\\net6.0\\fine-code-coverage\\build-output\\ApiCofidisMicroCreditTests.dll","CodeFilePath":null,"LineNumber":0,"Properties":[{"Key":{"Id":"NUnit.Seed","Label":"Seed","Category":"","Description":"","Attributes":0,"ValueType":"System.String"},"Value":"204846398"}]},"Attachments":[],"Outcome":1,"ErrorMessage":null,"ErrorStackTrace":null,"DisplayName":"GetClientCreditLimit_ThrowsException","Messages":[],"ComputerName":"DESKTOP-3F563FT","Duration":"00:00:00.0021090","StartTime":"2024-05-03T11:14:47.7891087+00:00","EndTime":"2024-05-03T11:14:47.7912177+00:00","Properties":[{"Key":{"Id":"NUnit.Seed","Label":"Seed","Category":"","Description":"","Attributes":0,"ValueType":"System.String"},"Value":"204846398"}]},{"TestCase":{"Id":"692dc48a-661c-9428-1faf-50af334267fd","FullyQualifiedName":"ApiCofidisMicroCreditTests.Controller.ClientControllerTests.GetClientRiskAnalisys_AnalisysError","DisplayName":"GetClientRiskAnalisys_AnalisysError","ExecutorUri":"executor://NUnit3TestExecutor","Source":"C:\\Users\\Daniel Martins\\Desktop\\Cofidis\\ApiCofidisMicroCredit\\ApiCofidisMicroCreditTests\\bin\\Debug\\net6.0\\fine-code-coverage\\build-output\\ApiCofidisMicroCreditTests.dll","CodeFilePath":null,"LineNumber":0,"Properties":[{"Key":{"Id":"NUnit.Seed","Label":"Seed","Category":"","Description":"","Attributes":0,"ValueType":"System.String"},"Value":"1937547467"}]},"Attachments":[],"Outcome":1,"ErrorMessage":null,"ErrorStackTrace":null,"DisplayName":"GetClientRiskAnalisys_AnalisysError","Messages":[],"ComputerName":"DESKTOP-3F563FT","Duration":"00:00:00.0031520","StartTime":"2024-05-03T11:14:47.7912361+00:00","EndTime":"2024-05-03T11:14:47.7943881+00:00","Properties":[{"Key":{"Id":"NUnit.Seed","Label":"Seed","Category":"","Description":"","Attributes":0,"ValueType":"System.String"},"Value":"1937547467"}]},{"TestCase":{"Id":"e41a2d1a-93f9-669c-81a7-d8ae319aaba4","FullyQualifiedName":"ApiCofidisMicroCreditTests.Controller.ClientControllerTests.GetClientRiskAnalisys_BadRequest","DisplayName":"GetClientRiskAnalisys_BadRequest","ExecutorUri":"executor://NUnit3TestExecutor","Source":"C:\\Users\\Daniel Martins\\Desktop\\Cofidis\\ApiCofidisMicroCredit\\ApiCofidisMicroCreditTests\\bin\\Debug\\net6.0\\fine-code-coverage\\build-output\\ApiCofidisMicroCreditTests.dll","CodeFilePath":null,"LineNumber":0,"Properties":[{"Key":{"Id":"NUnit.Seed","Label":"Seed","Category":"","Description":"","Attributes":0,"ValueType":"System.String"},"Value":"1370425959"}]},"Attachments":[],"Outcome":1,"ErrorMessage":null,"ErrorStackTrace":null,"DisplayName":"GetClientRiskAnalisys_BadRequest","Messages":[],"ComputerName":"DESKTOP-3F563FT","Duration":"00:00:00.0001960","StartTime":"2024-05-03T11:14:47.7944049+00:00","EndTime":"2024-05-03T11:14:47.7946004+00:00","Properties":[{"Key":{"Id":"NUnit.Seed","Label":"Seed","Category":"","Description":"","Attributes":0,"ValueType":"System.String"},"Value":"1370425959"}]},{"TestCase":{"Id":"30199987-888b-d603-8d16-724f713517e2","FullyQualifiedName":"ApiCofidisMicroCreditTests.Controller.ClientControllerTests.GetClientRiskAnalisys_ClientNotFound","DisplayName":"GetClientRiskAnalisys_ClientNotFound","ExecutorUri":"executor://NUnit3TestExecutor","Source":"C:\\Users\\Daniel Martins\\Desktop\\Cofidis\\ApiCofidisMicroCredit\\ApiCofidisMicroCreditTests\\bin\\Debug\\net6.0\\fine-code-coverage\\build-output\\ApiCofidisMicroCreditTests.dll","CodeFilePath":null,"LineNumber":0,"Properties":[{"Key":{"Id":"NUnit.Seed","Label":"Seed","Category":"","Description":"","Attributes":0,"ValueType":"System.String"},"Value":"252474791"}]},"Attachments":[],"Outcome":1,"ErrorMessage":null,"ErrorStackTrace":null,"DisplayName":"GetClientRiskAnalisys_ClientNotFound","Messages":[],"ComputerName":"DESKTOP-3F563FT","Duration":"00:00:00.0016590","StartTime":"2024-05-03T11:14:47.79461+00:00","EndTime":"2024-05-03T11:14:47.7962686+00:00","Properties":[{"Key":{"Id":"NUnit.Seed","Label":"Seed","Category":"","Description":"","Attributes":0,"ValueType":"System.String"},"Value":"252474791"}]},{"TestCase":{"Id":"7b228eb4-5de9-c2e2-8b9b-be8fdde185e2","FullyQualifiedName":"ApiCofidisMicroCreditTests.Controller.ClientControllerTests.GetClientRiskAnalisys_Success","DisplayName":"GetClientRiskAnalisys_Success","ExecutorUri":"executor://NUnit3TestExecutor","Source":"C:\\Users\\Daniel Martins\\Desktop\\Cofidis\\ApiCofidisMicroCredit\\ApiCofidisMicroCreditTests\\bin\\Debug\\net6.0\\fine-code-coverage\\build-output\\ApiCofidisMicroCreditTests.dll","CodeFilePath":null,"LineNumber":0,"Properties":[{"Key":{"Id":"NUnit.Seed","Label":"Seed","Category":"","Description":"","Attributes":0,"ValueType":"System.String"},"Value":"180616913"}]},"Attachments":[],"Outcome":1,"ErrorMessage":null,"ErrorStackTrace":null,"DisplayName":"GetClientRiskAnalisys_Success","Messages":[],"ComputerName":"DESKTOP-3F563FT","Duration":"00:00:00.0027630","StartTime":"2024-05-03T11:14:47.7962842+00:00","EndTime":"2024-05-03T11:14:47.7990473+00:00","Properties":[{"Key":{"Id":"NUnit.Seed","Label":"Seed","Category":"","Description":"","Attributes":0,"ValueType":"System.String"},"Value":"180616913"}]},{"TestCase":{"Id":"05428b2e-657b-c6fe-7a5d-ea91bcff4987","FullyQualifiedName":"ApiCofidisMicroCreditTests.Controller.ClientControllerTests.GetClientRiskAnalisys_ThrowsException","DisplayName":"GetClientRiskAnalisys_ThrowsException","ExecutorUri":"executor://NUnit3TestExecutor","Source":"C:\\Users\\Daniel Martins\\Desktop\\Cofidis\\ApiCofidisMicroCredit\\ApiCofidisMicroCreditTests\\bin\\Debug\\net6.0\\fine-code-coverage\\build-output\\ApiCofidisMicroCreditTests.dll","CodeFilePath":null,"LineNumber":0,"Properties":[{"Key":{"Id":"NUnit.Seed","Label":"Seed","Category":"","Description":"","Attributes":0,"ValueType":"System.String"},"Value":"1282000613"}]},"Attachments":[],"Outcome":1,"ErrorMessage":null,"ErrorStackTrace":null,"DisplayName":"GetClientRiskAnalisys_ThrowsException","Messages":[],"ComputerName":"DESKTOP-3F563FT","Duration":"00:00:00.0021120","StartTime":"2024-05-03T11:14:47.799068+00:00","EndTime":"2024-05-03T11:14:47.80118+00:00","Properties":[{"Key":{"Id":"NUnit.Seed","Label":"Seed","Category":"","Description":"","Attributes":0,"ValueType":"System.String"},"Value":"1282000613"}]},{"TestCase":{"Id":"996609be-811f-bc7f-eaae-3dc6be14e92e","FullyQualifiedName":"ApiCofidisMicroCreditTests.Repository.AuthenticationRepositoryTests.LogIn_AuthenticationFailed","DisplayName":"LogIn_AuthenticationFailed","ExecutorUri":"executor://NUnit3TestExecutor","Source":"C:\\Users\\Daniel Martins\\Desktop\\Cofidis\\ApiCofidisMicroCredit\\ApiCofidisMicroCreditTests\\bin\\Debug\\net6.0\\fine-code-coverage\\build-output\\ApiCofidisMicroCreditTests.dll","CodeFilePath":null,"LineNumber":0,"Properties":[{"Key":{"Id":"NUnit.Seed","Label":"Seed","Category":"","Description":"","Attributes":0,"ValueType":"System.String"},"Value":"1241734425"}]},"Attachments":[],"Outcome":1,"ErrorMessage":null,"ErrorStackTrace":null,"DisplayName":"LogIn_AuthenticationFailed","Messages":[],"ComputerName":"DESKTOP-3F563FT","Duration":"00:00:00.0110850","StartTime":"2024-05-03T11:14:47.8017246+00:00","EndTime":"2024-05-03T11:14:47.8128097+00:00","Properties":[{"Key":{"Id":"NUnit.Seed","Label":"Seed","Category":"","Description":"","Attributes":0,"ValueType":"System.String"},"Value":"1241734425"}]}],"TestRunStatistics":{"ExecutedTests":18,"Stats":{"Passed":18}},"ActiveTests":[{"Id":"46cd583d-58be-c49d-e114-43df64964998","FullyQualifiedName":"ApiCofidisMicroCreditTests.Repository.AuthenticationRepositoryTests.LogIn_ClientDontExist","DisplayName":"LogIn_ClientDontExist","ExecutorUri":"executor://NUnit3TestExecutor","Source":"C:\\Users\\Daniel Martins\\Desktop\\Cofidis\\ApiCofidisMicroCredit\\ApiCofidisMicroCreditTests\\bin\\Debug\\net6.0\\fine-code-coverage\\build-output\\ApiCofidisMicroCreditTests.dll","CodeFilePath":null,"LineNumber":0,"Properties":[{"Key":{"Id":"NUnit.Seed","Label":"Seed","Category":"","Description":"","Attributes":0,"ValueType":"System.String"},"Value":"1766862071"}]}]}}
TpTrace Verbose: 0 : 22312, 4, 2024/05/03, 12:14:47.852, 2707405849024, vstest.console.dll, MulticastDelegateUtilities.SafeInvoke: InternalTestLoggerEvents.SendTestResult: Invoking callback 1/1 for Microsoft.VisualStudio.TestPlatform.CommandLine.Internal.ConsoleLogger., took 3 ms.
TpTrace Verbose: 0 : 22312, 12, 2024/05/03, 12:14:47.852, 2707405852543, vstest.console.dll, TestRunRequest:SendTestRunStatsChange: Starting.
TpTrace Verbose: 0 : 22312, 4, 2024/05/03, 12:14:47.852, 2707405852753, vstest.console.dll, MulticastDelegateUtilities.SafeInvoke: InternalTestLoggerEvents.SendTestResult: Invoking callback 1/1 for Microsoft.VisualStudio.TestPlatform.CommandLine.Internal.ConsoleLogger., took 0 ms.
TpTrace Verbose: 0 : 22312, 12, 2024/05/03, 12:14:47.852, 2707405853424, vstest.console.dll, InProgress is LogIn_ClientDontExist
TpTrace Verbose: 0 : 22312, 4, 2024/05/03, 12:14:47.852, 2707405854198, vstest.console.dll, MulticastDelegateUtilities.SafeInvoke: InternalTestLoggerEvents.SendTestResult: Invoking callback 1/1 for Microsoft.VisualStudio.TestPlatform.CommandLine.Internal.ConsoleLogger., took 0 ms.
TpTrace Verbose: 0 : 22312, 4, 2024/05/03, 12:14:47.852, 2707405854716, vstest.console.dll, MulticastDelegateUtilities.SafeInvoke: InternalTestLoggerEvents.SendTestResult: Invoking callback 1/1 for Microsoft.VisualStudio.TestPlatform.CommandLine.Internal.ConsoleLogger., took 0 ms.
TpTrace Verbose: 0 : 22312, 12, 2024/05/03, 12:14:47.852, 2707405854937, vstest.console.dll, MulticastDelegateUtilities.SafeInvoke: TestRun.RunStatsChanged: Invoking callbacks was skipped because there are no subscribers.
TpTrace Verbose: 0 : 22312, 4, 2024/05/03, 12:14:47.852, 2707405855097, vstest.console.dll, MulticastDelegateUtilities.SafeInvoke: InternalTestLoggerEvents.SendTestResult: Invoking callback 1/1 for Microsoft.VisualStudio.TestPlatform.CommandLine.Internal.ConsoleLogger., took 0 ms.
TpTrace Information: 0 : 22312, 12, 2024/05/03, 12:14:47.852, 2707405855449, vstest.console.dll, TestRunRequest:SendTestRunStatsChange: Completed.
TpTrace Verbose: 0 : 22312, 12, 2024/05/03, 12:14:47.852, 2707405855985, vstest.console.dll, MulticastDelegateUtilities.SafeInvoke: LengthPrefixCommunicationChannel: MessageReceived: Invoking callback 1/1 for Microsoft.VisualStudio.TestPlatform.CommunicationUtilities.TestRequestSender+<>c__DisplayClass31_0., took 3 ms.
TpTrace Verbose: 0 : 22312, 4, 2024/05/03, 12:14:47.852, 2707405856127, vstest.console.dll, MulticastDelegateUtilities.SafeInvoke: InternalTestLoggerEvents.SendTestResult: Invoking callback 1/1 for Microsoft.VisualStudio.TestPlatform.CommandLine.Internal.ConsoleLogger., took 0 ms.
TpTrace Verbose: 0 : 22312, 12, 2024/05/03, 12:14:47.852, 2707405856496, vstest.console.dll, TcpClientExtensions.MessageLoopAsync: Polling on remoteEndPoint: 127.0.0.1:63561 localEndPoint: 127.0.0.1:63560
TpTrace Verbose: 0 : 22312, 4, 2024/05/03, 12:14:47.852, 2707405857138, vstest.console.dll, MulticastDelegateUtilities.SafeInvoke: InternalTestLoggerEvents.SendTestResult: Invoking callback 1/1 for Microsoft.VisualStudio.TestPlatform.CommandLine.Internal.ConsoleLogger., took 0 ms.
TpTrace Verbose: 0 : 22312, 4, 2024/05/03, 12:14:47.852, 2707405857564, vstest.console.dll, MulticastDelegateUtilities.SafeInvoke: InternalTestLoggerEvents.SendTestResult: Invoking callback 1/1 for Microsoft.VisualStudio.TestPlatform.CommandLine.Internal.ConsoleLogger., took 0 ms.
TpTrace Verbose: 0 : 22312, 4, 2024/05/03, 12:14:47.852, 2707405857891, vstest.console.dll, MulticastDelegateUtilities.SafeInvoke: InternalTestLoggerEvents.SendTestResult: Invoking callback 1/1 for Microsoft.VisualStudio.TestPlatform.CommandLine.Internal.ConsoleLogger., took 0 ms.
TpTrace Verbose: 0 : 22312, 4, 2024/05/03, 12:14:47.853, 2707405867676, vstest.console.dll, MulticastDelegateUtilities.SafeInvoke: InternalTestLoggerEvents.SendTestResult: Invoking callback 1/1 for Microsoft.VisualStudio.TestPlatform.CommandLine.Internal.ConsoleLogger., took 0 ms.
TpTrace Verbose: 0 : 22312, 4, 2024/05/03, 12:14:47.854, 2707405868645, vstest.console.dll, MulticastDelegateUtilities.SafeInvoke: InternalTestLoggerEvents.SendTestResult: Invoking callback 1/1 for Microsoft.VisualStudio.TestPlatform.CommandLine.Internal.ConsoleLogger., took 0 ms.
TpTrace Verbose: 0 : 22312, 4, 2024/05/03, 12:14:47.854, 2707405869067, vstest.console.dll, MulticastDelegateUtilities.SafeInvoke: InternalTestLoggerEvents.SendTestResult: Invoking callback 1/1 for Microsoft.VisualStudio.TestPlatform.CommandLine.Internal.ConsoleLogger., took 0 ms.
TpTrace Verbose: 0 : 22312, 4, 2024/05/03, 12:14:47.854, 2707405869454, vstest.console.dll, MulticastDelegateUtilities.SafeInvoke: InternalTestLoggerEvents.SendTestResult: Invoking callback 1/1 for Microsoft.VisualStudio.TestPlatform.CommandLine.Internal.ConsoleLogger., took 0 ms.
TpTrace Verbose: 0 : 22312, 4, 2024/05/03, 12:14:47.854, 2707405869875, vstest.console.dll, MulticastDelegateUtilities.SafeInvoke: InternalTestLoggerEvents.SendTestResult: Invoking callback 1/1 for Microsoft.VisualStudio.TestPlatform.CommandLine.Internal.ConsoleLogger., took 0 ms.
TpTrace Verbose: 0 : 22312, 4, 2024/05/03, 12:14:47.854, 2707405870204, vstest.console.dll, MulticastDelegateUtilities.SafeInvoke: InternalTestLoggerEvents.SendTestResult: Invoking callback 1/1 for Microsoft.VisualStudio.TestPlatform.CommandLine.Internal.ConsoleLogger., took 0 ms.
TpTrace Verbose: 0 : 22312, 4, 2024/05/03, 12:14:47.854, 2707405870530, vstest.console.dll, MulticastDelegateUtilities.SafeInvoke: InternalTestLoggerEvents.SendTestResult: Invoking callback 1/1 for Microsoft.VisualStudio.TestPlatform.CommandLine.Internal.ConsoleLogger., took 0 ms.
TpTrace Verbose: 0 : 22312, 4, 2024/05/03, 12:14:47.854, 2707405870904, vstest.console.dll, MulticastDelegateUtilities.SafeInvoke: InternalTestLoggerEvents.SendTestResult: Invoking callback 1/1 for Microsoft.VisualStudio.TestPlatform.CommandLine.Internal.ConsoleLogger., took 0 ms.
TpTrace Verbose: 0 : 22312, 4, 2024/05/03, 12:14:47.854, 2707405871249, vstest.console.dll, MulticastDelegateUtilities.SafeInvoke: InternalTestLoggerEvents.SendTestResult: Invoking callback 1/1 for Microsoft.VisualStudio.TestPlatform.CommandLine.Internal.ConsoleLogger., took 0 ms.
TpTrace Verbose: 0 : 22312, 12, 2024/05/03, 12:14:47.887, 2707406202265, vstest.console.dll, TcpClientExtensions.MessageLoopAsync: NotifyDataAvailable remoteEndPoint: 127.0.0.1:63561 localEndPoint: 127.0.0.1:63560
TpTrace Verbose: 0 : 22312, 12, 2024/05/03, 12:14:47.887, 2707406205887, vstest.console.dll, TestRequestSender.OnExecutionMessageReceived: Received message: {"Version":5,"MessageType":"TestExecution.StatsChange","Payload":{"NewTestResults":[{"TestCase":{"Id":"46cd583d-58be-c49d-e114-43df64964998","FullyQualifiedName":"ApiCofidisMicroCreditTests.Repository.AuthenticationRepositoryTests.LogIn_ClientDontExist","DisplayName":"LogIn_ClientDontExist","ExecutorUri":"executor://NUnit3TestExecutor","Source":"C:\\Users\\Daniel Martins\\Desktop\\Cofidis\\ApiCofidisMicroCredit\\ApiCofidisMicroCreditTests\\bin\\Debug\\net6.0\\fine-code-coverage\\build-output\\ApiCofidisMicroCreditTests.dll","CodeFilePath":null,"LineNumber":0,"Properties":[{"Key":{"Id":"NUnit.Seed","Label":"Seed","Category":"","Description":"","Attributes":0,"ValueType":"System.String"},"Value":"1766862071"}]},"Attachments":[],"Outcome":1,"ErrorMessage":null,"ErrorStackTrace":null,"DisplayName":"LogIn_ClientDontExist","Messages":[],"ComputerName":"DESKTOP-3F563FT","Duration":"00:00:00.0029550","StartTime":"2024-05-03T11:14:47.8128388+00:00","EndTime":"2024-05-03T11:14:47.8157935+00:00","Properties":[{"Key":{"Id":"NUnit.Seed","Label":"Seed","Category":"","Description":"","Attributes":0,"ValueType":"System.String"},"Value":"1766862071"}]},{"TestCase":{"Id":"c901a776-5253-22bb-c8b8-8db99becbc7e","FullyQualifiedName":"ApiCofidisMicroCreditTests.Repository.AuthenticationRepositoryTests.LogIn_Success","DisplayName":"LogIn_Success","ExecutorUri":"executor://NUnit3TestExecutor","Source":"C:\\Users\\Daniel Martins\\Desktop\\Cofidis\\ApiCofidisMicroCredit\\ApiCofidisMicroCreditTests\\bin\\Debug\\net6.0\\fine-code-coverage\\build-output\\ApiCofidisMicroCreditTests.dll","CodeFilePath":null,"LineNumber":0,"Properties":[{"Key":{"Id":"NUnit.Seed","Label":"Seed","Category":"","Description":"","Attributes":0,"ValueType":"System.String"},"Value":"809339730"}]},"Attachments":[],"Outcome":1,"ErrorMessage":null,"ErrorStackTrace":null,"DisplayName":"LogIn_Success","Messages":[],"ComputerName":"DESKTOP-3F563FT","Duration":"00:00:00.0102799","StartTime":"2024-05-03T11:14:47.8158398+00:00","EndTime":"2024-05-03T11:14:47.8261195+00:00","Properties":[{"Key":{"Id":"NUnit.Seed","Label":"Seed","Category":"","Description":"","Attributes":0,"ValueType":"System.String"},"Value":"809339730"}]},{"TestCase":{"Id":"15eb2d28-3370-2700-72f1-a8f203a5a028","FullyQualifiedName":"ApiCofidisMicroCreditTests.Repository.AuthenticationRepositoryTests.SignIn_AuthenticationFail","DisplayName":"SignIn_AuthenticationFail","ExecutorUri":"executor://NUnit3TestExecutor","Source":"C:\\Users\\Daniel Martins\\Desktop\\Cofidis\\ApiCofidisMicroCredit\\ApiCofidisMicroCreditTests\\bin\\Debug\\net6.0\\fine-code-coverage\\build-output\\ApiCofidisMicroCreditTests.dll","CodeFilePath":null,"LineNumber":0,"Properties":[{"Key":{"Id":"NUnit.Seed","Label":"Seed","Category":"","Description":"","Attributes":0,"ValueType":"System.String"},"Value":"971996537"}]},"Attachments":[],"Outcome":1,"ErrorMessage":null,"ErrorStackTrace":null,"DisplayName":"SignIn_AuthenticationFail","Messages":[],"ComputerName":"DESKTOP-3F563FT","Duration":"00:00:00.0032310","StartTime":"2024-05-03T11:14:47.8261512+00:00","EndTime":"2024-05-03T11:14:47.8293816+00:00","Properties":[{"Key":{"Id":"NUnit.Seed","Label":"Seed","Category":"","Description":"","Attributes":0,"ValueType":"System.String"},"Value":"971996537"}]},{"TestCase":{"Id":"c8e70ea5-9528-9f57-efdb-639bf1c14fbb","FullyQualifiedName":"ApiCofidisMicroCreditTests.Repository.AuthenticationRepositoryTests.SignIn_FailToSignIn","DisplayName":"SignIn_FailToSignIn","ExecutorUri":"executor://NUnit3TestExecutor","Source":"C:\\Users\\Daniel Martins\\Desktop\\Cofidis\\ApiCofidisMicroCredit\\ApiCofidisMicroCreditTests\\bin\\Debug\\net6.0\\fine-code-coverage\\build-output\\ApiCofidisMicroCreditTests.dll","CodeFilePath":null,"LineNumber":0,"Properties":[{"Key":{"Id":"NUnit.Seed","Label":"Seed","Category":"","Description":"","Attributes":0,"ValueType":"System.String"},"Value":"2017516320"}]},"Attachments":[],"Outcome":1,"ErrorMessage":null,"ErrorStackTrace":null,"DisplayName":"SignIn_FailToSignIn","Messages":[],"ComputerName":"DESKTOP-3F563FT","Duration":"00:00:00.0110290","StartTime":"2024-05-03T11:14:47.8294128+00:00","EndTime":"2024-05-03T11:14:47.8404411+00:00","Properties":[{"Key":{"Id":"NUnit.Seed","Label":"Seed","Category":"","Description":"","Attributes":0,"ValueType":"System.String"},"Value":"2017516320"}]},{"TestCase":{"Id":"423fadb6-fe7a-1388-5310-d07f84896ba2","FullyQualifiedName":"ApiCofidisMicroCreditTests.Repository.AuthenticationRepositoryTests.SignIn_Success","DisplayName":"SignIn_Success","ExecutorUri":"executor://NUnit3TestExecutor","Source":"C:\\Users\\Daniel Martins\\Desktop\\Cofidis\\ApiCofidisMicroCredit\\ApiCofidisMicroCreditTests\\bin\\Debug\\net6.0\\fine-code-coverage\\build-output\\ApiCofidisMicroCreditTests.dll","CodeFilePath":null,"LineNumber":0,"Properties":[{"Key":{"Id":"NUnit.Seed","Label":"Seed","Category":"","Description":"","Attributes":0,"ValueType":"System.String"},"Value":"1039855592"}]},"Attachments":[],"Outcome":1,"ErrorMessage":null,"ErrorStackTrace":null,"DisplayName":"SignIn_Success","Messages":[],"ComputerName":"DESKTOP-3F563FT","Duration":"00:00:00.0024520","StartTime":"2024-05-03T11:14:47.8404669+00:00","EndTime":"2024-05-03T11:14:47.8429183+00:00","Properties":[{"Key":{"Id":"NUnit.Seed","Label":"Seed","Category":"","Description":"","Attributes":0,"ValueType":"System.String"},"Value":"1039855592"}]},{"TestCase":{"Id":"215615f1-f1ad-c1d6-f667-abce5822f7d7","FullyQualifiedName":"ApiCofidisMicroCreditTests.Repository.ChaveMovelDigitalRepositoryTests.Authenticate_Success","DisplayName":"Authenticate_Success","ExecutorUri":"executor://NUnit3TestExecutor","Source":"C:\\Users\\Daniel Martins\\Desktop\\Cofidis\\ApiCofidisMicroCredit\\ApiCofidisMicroCreditTests\\bin\\Debug\\net6.0\\fine-code-coverage\\build-output\\ApiCofidisMicroCreditTests.dll","CodeFilePath":null,"LineNumber":0,"Properties":[{"Key":{"Id":"NUnit.Seed","Label":"Seed","Category":"","Description":"","Attributes":0,"ValueType":"System.String"},"Value":"869838303"}]},"Attachments":[],"Outcome":1,"ErrorMessage":null,"ErrorStackTrace":null,"DisplayName":"Authenticate_Success","Messages":[],"ComputerName":"DESKTOP-3F563FT","Duration":"00:00:00.0018490","StartTime":"2024-05-03T11:14:47.843332+00:00","EndTime":"2024-05-03T11:14:47.8451806+00:00","Properties":[{"Key":{"Id":"NUnit.Seed","Label":"Seed","Category":"","Description":"","Attributes":0,"ValueType":"System.String"},"Value":"869838303"}]},{"TestCase":{"Id":"3dec60ec-2a5c-2a6e-1004-83dbb0c109a0","FullyQualifiedName":"ApiCofidisMicroCreditTests.Repository.ClientRepositoryTests.CallSpCreditLimitDetermination_ReturnsEmpty","DisplayName":"CallSpCreditLimitDetermination_ReturnsEmpty","ExecutorUri":"executor://NUnit3TestExecutor","Source":"C:\\Users\\Daniel Martins\\Desktop\\Cofidis\\ApiCofidisMicroCredit\\ApiCofidisMicroCreditTests\\bin\\Debug\\net6.0\\fine-code-coverage\\build-output\\ApiCofidisMicroCreditTests.dll","CodeFilePath":null,"LineNumber":0,"Properties":[{"Key":{"Id":"NUnit.Seed","Label":"Seed","Category":"","Description":"","Attributes":0,"ValueType":"System.String"},"Value":"406079687"}]},"Attachments":[],"Outcome":1,"ErrorMessage":null,"ErrorStackTrace":null,"DisplayName":"CallSpCreditLimitDetermination_ReturnsEmpty","Messages":[],"ComputerName":"DESKTOP-3F563FT","Duration":"00:00:00.0248210","StartTime":"2024-05-03T11:14:47.8455903+00:00","EndTime":"2024-05-03T11:14:47.8704112+00:00","Properties":[{"Key":{"Id":"NUnit.Seed","Label":"Seed","Category":"","Description":"","Attributes":0,"ValueType":"System.String"},"Value":"406079687"}]},{"TestCase":{"Id":"5989ffae-91fe-84e3-bd61-dfa12dce83de","FullyQualifiedName":"ApiCofidisMicroCreditTests.Repository.ClientRepositoryTests.CallSpCreditLimitDetermination_Sucess","DisplayName":"CallSpCreditLimitDetermination_Sucess","ExecutorUri":"executor://NUnit3TestExecutor","Source":"C:\\Users\\Daniel Martins\\Desktop\\Cofidis\\ApiCofidisMicroCredit\\ApiCofidisMicroCreditTests\\bin\\Debug\\net6.0\\fine-code-coverage\\build-output\\ApiCofidisMicroCreditTests.dll","CodeFilePath":null,"LineNumber":0,"Properties":[{"Key":{"Id":"NUnit.Seed","Label":"Seed","Category":"","Description":"","Attributes":0,"ValueType":"System.String"},"Value":"49618914"}]},"Attachments":[],"Outcome":1,"ErrorMessage":null,"ErrorStackTrace":null,"DisplayName":"CallSpCreditLimitDetermination_Sucess","Messages":[],"ComputerName":"DESKTOP-3F563FT","Duration":"00:00:00.0044060","StartTime":"2024-05-03T11:14:47.8704558+00:00","EndTime":"2024-05-03T11:14:47.8748616+00:00","Properties":[{"Key":{"Id":"NUnit.Seed","Label":"Seed","Category":"","Description":"","Attributes":0,"ValueType":"System.String"},"Value":"49618914"}]},{"TestCase":{"Id":"848db071-a6e4-f1df-19ab-124c12a6ad32","FullyQualifiedName":"ApiCofidisMicroCreditTests.Repository.ClientRepositoryTests.CallSpGetClientById_ReturnsEmpty","DisplayName":"CallSpGetClientById_ReturnsEmpty","ExecutorUri":"executor://NUnit3TestExecutor","Source":"C:\\Users\\Daniel Martins\\Desktop\\Cofidis\\ApiCofidisMicroCredit\\ApiCofidisMicroCreditTests\\bin\\Debug\\net6.0\\fine-code-coverage\\build-output\\ApiCofidisMicroCreditTests.dll","CodeFilePath":null,"LineNumber":0,"Properties":[{"Key":{"Id":"NUnit.Seed","Label":"Seed","Category":"","Description":"","Attributes":0,"ValueType":"System.String"},"Value":"689078435"}]},"Attachments":[],"Outcome":1,"ErrorMessage":null,"ErrorStackTrace":null,"DisplayName":"CallSpGetClientById_ReturnsEmpty","Messages":[],"ComputerName":"DESKTOP-3F563FT","Duration":"00:00:00.0034990","StartTime":"2024-05-03T11:14:47.8748896+00:00","EndTime":"2024-05-03T11:14:47.8783883+00:00","Properties":[{"Key":{"Id":"NUnit.Seed","Label":"Seed","Category":"","Description":"","Attributes":0,"ValueType":"System.String"},"Value":"689078435"}]}],"TestRunStatistics":{"ExecutedTests":27,"Stats":{"Passed":27}},"ActiveTests":[{"Id":"8de95e97-f45e-87ce-0ae5-161af251b046","FullyQualifiedName":"ApiCofidisMicroCreditTests.Repository.ClientRepositoryTests.CallSpGetClientById_Sucess","DisplayName":"CallSpGetClientById_Sucess","ExecutorUri":"executor://NUnit3TestExecutor","Source":"C:\\Users\\Daniel Martins\\Desktop\\Cofidis\\ApiCofidisMicroCredit\\ApiCofidisMicroCreditTests\\bin\\Debug\\net6.0\\fine-code-coverage\\build-output\\ApiCofidisMicroCreditTests.dll","CodeFilePath":null,"LineNumber":0,"Properties":[{"Key":{"Id":"NUnit.Seed","Label":"Seed","Category":"","Description":"","Attributes":0,"ValueType":"System.String"},"Value":"427766629"}]}]}}
TpTrace Verbose: 0 : 22312, 12, 2024/05/03, 12:14:47.901, 2707406343119, vstest.console.dll, TestRunRequest:SendTestRunStatsChange: Starting.
TpTrace Verbose: 0 : 22312, 12, 2024/05/03, 12:14:47.901, 2707406344594, vstest.console.dll, InProgress is CallSpGetClientById_Sucess
TpTrace Verbose: 0 : 22312, 12, 2024/05/03, 12:14:47.901, 2707406345447, vstest.console.dll, MulticastDelegateUtilities.SafeInvoke: TestRun.RunStatsChanged: Invoking callbacks was skipped because there are no subscribers.
TpTrace Information: 0 : 22312, 12, 2024/05/03, 12:14:47.901, 2707406345851, vstest.console.dll, TestRunRequest:SendTestRunStatsChange: Completed.
TpTrace Verbose: 0 : 22312, 12, 2024/05/03, 12:14:47.901, 2707406346348, vstest.console.dll, MulticastDelegateUtilities.SafeInvoke: LengthPrefixCommunicationChannel: MessageReceived: Invoking callback 1/1 for Microsoft.VisualStudio.TestPlatform.CommunicationUtilities.TestRequestSender+<>c__DisplayClass31_0., took 14 ms.
TpTrace Verbose: 0 : 22312, 4, 2024/05/03, 12:14:47.901, 2707406346419, vstest.console.dll, MulticastDelegateUtilities.SafeInvoke: InternalTestLoggerEvents.SendTestResult: Invoking callback 1/1 for Microsoft.VisualStudio.TestPlatform.CommandLine.Internal.ConsoleLogger., took 0 ms.
TpTrace Verbose: 0 : 22312, 12, 2024/05/03, 12:14:47.901, 2707406346812, vstest.console.dll, TcpClientExtensions.MessageLoopAsync: Polling on remoteEndPoint: 127.0.0.1:63561 localEndPoint: 127.0.0.1:63560
TpTrace Verbose: 0 : 22312, 4, 2024/05/03, 12:14:47.901, 2707406347766, vstest.console.dll, MulticastDelegateUtilities.SafeInvoke: InternalTestLoggerEvents.SendTestResult: Invoking callback 1/1 for Microsoft.VisualStudio.TestPlatform.CommandLine.Internal.ConsoleLogger., took 0 ms.
TpTrace Verbose: 0 : 22312, 4, 2024/05/03, 12:14:47.901, 2707406348399, vstest.console.dll, MulticastDelegateUtilities.SafeInvoke: InternalTestLoggerEvents.SendTestResult: Invoking callback 1/1 for Microsoft.VisualStudio.TestPlatform.CommandLine.Internal.ConsoleLogger., took 0 ms.
TpTrace Verbose: 0 : 22312, 4, 2024/05/03, 12:14:47.902, 2707406348923, vstest.console.dll, MulticastDelegateUtilities.SafeInvoke: InternalTestLoggerEvents.SendTestResult: Invoking callback 1/1 for Microsoft.VisualStudio.TestPlatform.CommandLine.Internal.ConsoleLogger., took 0 ms.
TpTrace Verbose: 0 : 22312, 4, 2024/05/03, 12:14:47.902, 2707406349405, vstest.console.dll, MulticastDelegateUtilities.SafeInvoke: InternalTestLoggerEvents.SendTestResult: Invoking callback 1/1 for Microsoft.VisualStudio.TestPlatform.CommandLine.Internal.ConsoleLogger., took 0 ms.
TpTrace Verbose: 0 : 22312, 4, 2024/05/03, 12:14:47.902, 2707406349869, vstest.console.dll, MulticastDelegateUtilities.SafeInvoke: InternalTestLoggerEvents.SendTestResult: Invoking callback 1/1 for Microsoft.VisualStudio.TestPlatform.CommandLine.Internal.ConsoleLogger., took 0 ms.
TpTrace Verbose: 0 : 22312, 4, 2024/05/03, 12:14:47.902, 2707406350350, vstest.console.dll, MulticastDelegateUtilities.SafeInvoke: InternalTestLoggerEvents.SendTestResult: Invoking callback 1/1 for Microsoft.VisualStudio.TestPlatform.CommandLine.Internal.ConsoleLogger., took 0 ms.
TpTrace Verbose: 0 : 22312, 4, 2024/05/03, 12:14:47.902, 2707406350902, vstest.console.dll, MulticastDelegateUtilities.SafeInvoke: InternalTestLoggerEvents.SendTestResult: Invoking callback 1/1 for Microsoft.VisualStudio.TestPlatform.CommandLine.Internal.ConsoleLogger., took 0 ms.
TpTrace Verbose: 0 : 22312, 4, 2024/05/03, 12:14:47.902, 2707406351378, vstest.console.dll, MulticastDelegateUtilities.SafeInvoke: InternalTestLoggerEvents.SendTestResult: Invoking callback 1/1 for Microsoft.VisualStudio.TestPlatform.CommandLine.Internal.ConsoleLogger., took 0 ms.
TpTrace Verbose: 0 : 22312, 12, 2024/05/03, 12:14:47.987, 2707407207392, vstest.console.dll, TcpClientExtensions.MessageLoopAsync: NotifyDataAvailable remoteEndPoint: 127.0.0.1:63561 localEndPoint: 127.0.0.1:63560
TpTrace Verbose: 0 : 22312, 12, 2024/05/03, 12:14:47.988, 2707407209979, vstest.console.dll, TestRequestSender.OnExecutionMessageReceived: Received message: {"Version":5,"MessageType":"TestSession.Message","Payload":{"MessageLevel":0,"Message":"NUnit Adapter 4.2.0.0: Test execution complete"}}
TpTrace Verbose: 0 : 22312, 12, 2024/05/03, 12:14:47.988, 2707407212278, vstest.console.dll, TestRunRequest:SendTestRunMessage: Starting.
TpTrace Verbose: 0 : 22312, 12, 2024/05/03, 12:14:47.988, 2707407213802, vstest.console.dll, MulticastDelegateUtilities.SafeInvoke: TestRun.LogMessages: Invoking callback 1/1 for Microsoft.VisualStudio.TestPlatform.CommandLine.TestRunResultAggregator., took 0 ms.
TpTrace Verbose: 0 : 22312, 4, 2024/05/03, 12:14:47.988, 2707407214236, vstest.console.dll, MulticastDelegateUtilities.SafeInvoke: InternalTestLoggerEvents.SendTestRunMessage: Invoking callback 1/1 for Microsoft.VisualStudio.TestPlatform.CommandLine.Internal.ConsoleLogger., took 0 ms.
TpTrace Information: 0 : 22312, 12, 2024/05/03, 12:14:47.988, 2707407214404, vstest.console.dll, TestRunRequest:SendTestRunMessage: Completed.
TpTrace Verbose: 0 : 22312, 12, 2024/05/03, 12:14:47.988, 2707407215931, vstest.console.dll, MulticastDelegateUtilities.SafeInvoke: LengthPrefixCommunicationChannel: MessageReceived: Invoking callback 1/1 for Microsoft.VisualStudio.TestPlatform.CommunicationUtilities.TestRequestSender+<>c__DisplayClass31_0., took 0 ms.
TpTrace Verbose: 0 : 22312, 12, 2024/05/03, 12:14:47.988, 2707407216396, vstest.console.dll, TcpClientExtensions.MessageLoopAsync: Polling on remoteEndPoint: 127.0.0.1:63561 localEndPoint: 127.0.0.1:63560
TpTrace Verbose: 0 : 22312, 12, 2024/05/03, 12:14:48.007, 2707407404832, vstest.console.dll, TcpClientExtensions.MessageLoopAsync: NotifyDataAvailable remoteEndPoint: 127.0.0.1:63561 localEndPoint: 127.0.0.1:63560
TpTrace Verbose: 0 : 22312, 12, 2024/05/03, 12:14:48.007, 2707407408040, vstest.console.dll, TestRequestSender.OnExecutionMessageReceived: Received message: {"Version":5,"MessageType":"TestExecution.Completed","Payload":{"TestRunCompleteArgs":{"TestRunStatistics":{"ExecutedTests":35,"Stats":{"Passed":35}},"IsCanceled":false,"IsAborted":false,"Error":null,"AttachmentSets":[],"ElapsedTimeInRunningTests":"00:00:00.7654298","Metrics":{}},"LastRunTests":{"NewTestResults":[{"TestCase":{"Id":"8de95e97-f45e-87ce-0ae5-161af251b046","FullyQualifiedName":"ApiCofidisMicroCreditTests.Repository.ClientRepositoryTests.CallSpGetClientById_Sucess","DisplayName":"CallSpGetClientById_Sucess","ExecutorUri":"executor://NUnit3TestExecutor","Source":"C:\\Users\\Daniel Martins\\Desktop\\Cofidis\\ApiCofidisMicroCredit\\ApiCofidisMicroCreditTests\\bin\\Debug\\net6.0\\fine-code-coverage\\build-output\\ApiCofidisMicroCreditTests.dll","CodeFilePath":null,"LineNumber":0,"Properties":[{"Key":{"Id":"NUnit.Seed","Label":"Seed","Category":"","Description":"","Attributes":0,"ValueType":"System.String"},"Value":"427766629"}]},"Attachments":[],"Outcome":1,"ErrorMessage":null,"ErrorStackTrace":null,"DisplayName":"CallSpGetClientById_Sucess","Messages":[],"ComputerName":"DESKTOP-3F563FT","Duration":"00:00:00.0027230","StartTime":"2024-05-03T11:14:47.878413+00:00","EndTime":"2024-05-03T11:14:47.881136+00:00","Properties":[{"Key":{"Id":"NUnit.Seed","Label":"Seed","Category":"","Description":"","Attributes":0,"ValueType":"System.String"},"Value":"427766629"}]},{"TestCase":{"Id":"e0d9a0a3-cffb-0448-4c0c-b9b385de6a66","FullyQualifiedName":"ApiCofidisMicroCreditTests.Repository.ClientRepositoryTests.RegisterClient_RegistrationFails","DisplayName":"RegisterClient_RegistrationFails","ExecutorUri":"executor://NUnit3TestExecutor","Source":"C:\\Users\\Daniel Martins\\Desktop\\Cofidis\\ApiCofidisMicroCredit\\ApiCofidisMicroCreditTests\\bin\\Debug\\net6.0\\fine-code-coverage\\build-output\\ApiCofidisMicroCreditTests.dll","CodeFilePath":null,"LineNumber":0,"Properties":[{"Key":{"Id":"NUnit.Seed","Label":"Seed","Category":"","Description":"","Attributes":0,"ValueType":"System.String"},"Value":"2146146426"}]},"Attachments":[],"Outcome":1,"ErrorMessage":null,"ErrorStackTrace":null,"DisplayName":"RegisterClient_RegistrationFails","Messages":[],"ComputerName":"DESKTOP-3F563FT","Duration":"00:00:00.0142340","StartTime":"2024-05-03T11:14:47.8811612+00:00","EndTime":"2024-05-03T11:14:47.8953943+00:00","Properties":[{"Key":{"Id":"NUnit.Seed","Label":"Seed","Category":"","Description":"","Attributes":0,"ValueType":"System.String"},"Value":"2146146426"}]},{"TestCase":{"Id":"06e551c0-fa9b-85d7-ee03-b1e0706fa246","FullyQualifiedName":"ApiCofidisMicroCreditTests.Repository.ClientRepositoryTests.RegisterClient_Success","DisplayName":"RegisterClient_Success","ExecutorUri":"executor://NUnit3TestExecutor","Source":"C:\\Users\\Daniel Martins\\Desktop\\Cofidis\\ApiCofidisMicroCredit\\ApiCofidisMicroCreditTests\\bin\\Debug\\net6.0\\fine-code-coverage\\build-output\\ApiCofidisMicroCreditTests.dll","CodeFilePath":null,"LineNumber":0,"Properties":[{"Key":{"Id":"NUnit.Seed","Label":"Seed","Category":"","Description":"","Attributes":0,"ValueType":"System.String"},"Value":"101180749"}]},"Attachments":[],"Outcome":1,"ErrorMessage":null,"ErrorStackTrace":null,"DisplayName":"RegisterClient_Success","Messages":[],"ComputerName":"DESKTOP-3F563FT","Duration":"00:00:00.0025290","StartTime":"2024-05-03T11:14:47.8954324+00:00","EndTime":"2024-05-03T11:14:47.8979615+00:00","Properties":[{"Key":{"Id":"NUnit.Seed","Label":"Seed","Category":"","Description":"","Attributes":0,"ValueType":"System.String"},"Value":"101180749"}]},{"TestCase":{"Id":"7e3ccefa-0df6-b9b7-1293-9f8f7c4d8eba","FullyQualifiedName":"ApiCofidisMicroCreditTests.Repository.RiskAnalisysRepositoryTests.GetClientRiskAnalysis_ClientNotFound","DisplayName":"GetClientRiskAnalysis_ClientNotFound","ExecutorUri":"executor://NUnit3TestExecutor","Source":"C:\\Users\\Daniel Martins\\Desktop\\Cofidis\\ApiCofidisMicroCredit\\ApiCofidisMicroCreditTests\\bin\\Debug\\net6.0\\fine-code-coverage\\build-output\\ApiCofidisMicroCreditTests.dll","CodeFilePath":null,"LineNumber":0,"Properties":[{"Key":{"Id":"NUnit.Seed","Label":"Seed","Category":"","Description":"","Attributes":0,"ValueType":"System.String"},"Value":"1298482340"}]},"Attachments":[],"Outcome":1,"ErrorMessage":null,"ErrorStackTrace":null,"DisplayName":"GetClientRiskAnalysis_ClientNotFound","Messages":[],"ComputerName":"DESKTOP-3F563FT","Duration":"00:00:00.0027820","StartTime":"2024-05-03T11:14:47.8985685+00:00","EndTime":"2024-05-03T11:14:47.9013506+00:00","Properties":[{"Key":{"Id":"NUnit.Seed","Label":"Seed","Category":"","Description":"","Attributes":0,"ValueType":"System.String"},"Value":"1298482340"}]},{"TestCase":{"Id":"6101a498-8af4-2278-3513-9451f82eda77","FullyQualifiedName":"ApiCofidisMicroCreditTests.Repository.RiskAnalisysRepositoryTests.GetClientRiskAnalysis_Test(5000,900,0,1000,\"low\")","DisplayName":"GetClientRiskAnalysis_Test(5000,900,0,1000,\"low\")","ExecutorUri":"executor://NUnit3TestExecutor","Source":"C:\\Users\\Daniel Martins\\Desktop\\Cofidis\\ApiCofidisMicroCredit\\ApiCofidisMicroCreditTests\\bin\\Debug\\net6.0\\fine-code-coverage\\build-output\\ApiCofidisMicroCreditTests.dll","CodeFilePath":null,"LineNumber":0,"Properties":[{"Key":{"Id":"NUnit.Seed","Label":"Seed","Category":"","Description":"","Attributes":0,"ValueType":"System.String"},"Value":"1909191715"}]},"Attachments":[],"Outcome":1,"ErrorMessage":null,"ErrorStackTrace":null,"DisplayName":"GetClientRiskAnalysis_Test(5000,900,0,1000,\"low\")","Messages":[],"ComputerName":"DESKTOP-3F563FT","Duration":"00:00:00.0023450","StartTime":"2024-05-03T11:14:47.9014265+00:00","EndTime":"2024-05-03T11:14:47.9037706+00:00","Properties":[{"Key":{"Id":"NUnit.Seed","Label":"Seed","Category":"","Description":"","Attributes":0,"ValueType":"System.String"},"Value":"1909191715"}]},{"TestCase":{"Id":"bca73319-90f6-725e-8e5b-d49af1a12f2b","FullyQualifiedName":"ApiCofidisMicroCreditTests.Repository.RiskAnalisysRepositoryTests.GetClientRiskAnalysis_Test(50000,3000,100000,5000,\"medium\")","DisplayName":"GetClientRiskAnalysis_Test(50000,3000,100000,5000,\"medium\")","ExecutorUri":"executor://NUnit3TestExecutor","Source":"C:\\Users\\Daniel Martins\\Desktop\\Cofidis\\ApiCofidisMicroCredit\\ApiCofidisMicroCreditTests\\bin\\Debug\\net6.0\\fine-code-coverage\\build-output\\ApiCofidisMicroCreditTests.dll","CodeFilePath":null,"LineNumber":0,"Properties":[{"Key":{"Id":"NUnit.Seed","Label":"Seed","Category":"","Description":"","Attributes":0,"ValueType":"System.String"},"Value":"1066442587"}]},"Attachments":[],"Outcome":1,"ErrorMessage":null,"ErrorStackTrace":null,"DisplayName":"GetClientRiskAnalysis_Test(50000,3000,100000,5000,\"medium\")","Messages":[],"ComputerName":"DESKTOP-3F563FT","Duration":"00:00:00.0006230","StartTime":"2024-05-03T11:14:47.9037935+00:00","EndTime":"2024-05-03T11:14:47.9044163+00:00","Properties":[{"Key":{"Id":"NUnit.Seed","Label":"Seed","Category":"","Description":"","Attributes":0,"ValueType":"System.String"},"Value":"1066442587"}]},{"TestCase":{"Id":"ec1a8116-7e61-a26c-4dc2-fdd4b953c466","FullyQualifiedName":"ApiCofidisMicroCreditTests.Repository.RiskAnalisysRepositoryTests.GetClientRiskAnalysis_Test(5000,1500,150000,140000,\"high\")","DisplayName":"GetClientRiskAnalysis_Test(5000,1500,150000,140000,\"high\")","ExecutorUri":"executor://NUnit3TestExecutor","Source":"C:\\Users\\Daniel Martins\\Desktop\\Cofidis\\ApiCofidisMicroCredit\\ApiCofidisMicroCreditTests\\bin\\Debug\\net6.0\\fine-code-coverage\\build-output\\ApiCofidisMicroCreditTests.dll","CodeFilePath":null,"LineNumber":0,"Properties":[{"Key":{"Id":"NUnit.Seed","Label":"Seed","Category":"","Description":"","Attributes":0,"ValueType":"System.String"},"Value":"1396068963"}]},"Attachments":[],"Outcome":1,"ErrorMessage":null,"ErrorStackTrace":null,"DisplayName":"GetClientRiskAnalysis_Test(5000,1500,150000,140000,\"high\")","Messages":[],"ComputerName":"DESKTOP-3F563FT","Duration":"00:00:00.0004960","StartTime":"2024-05-03T11:14:47.9044367+00:00","EndTime":"2024-05-03T11:14:47.904933+00:00","Properties":[{"Key":{"Id":"NUnit.Seed","Label":"Seed","Category":"","Description":"","Attributes":0,"ValueType":"System.String"},"Value":"1396068963"}]},{"TestCase":{"Id":"91dc8713-472b-8058-d8cc-191ffe0213e1","FullyQualifiedName":"ApiCofidisMicroCreditTests.Repository.TokenGeneratorRepositoryTests.GenerateToken_Success","DisplayName":"GenerateToken_Success","ExecutorUri":"executor://NUnit3TestExecutor","Source":"C:\\Users\\Daniel Martins\\Desktop\\Cofidis\\ApiCofidisMicroCredit\\ApiCofidisMicroCreditTests\\bin\\Debug\\net6.0\\fine-code-coverage\\build-output\\ApiCofidisMicroCreditTests.dll","CodeFilePath":null,"LineNumber":0,"Properties":[{"Key":{"Id":"NUnit.Seed","Label":"Seed","Category":"","Description":"","Attributes":0,"ValueType":"System.String"},"Value":"1071624078"}]},"Attachments":[],"Outcome":1,"ErrorMessage":null,"ErrorStackTrace":null,"DisplayName":"GenerateToken_Success","Messages":[],"ComputerName":"DESKTOP-3F563FT","Duration":"00:00:00.0704859","StartTime":"2024-05-03T11:14:47.9051103+00:00","EndTime":"2024-05-03T11:14:47.9755962+00:00","Properties":[{"Key":{"Id":"NUnit.Seed","Label":"Seed","Category":"","Description":"","Attributes":0,"ValueType":"System.String"},"Value":"1071624078"}]}],"TestRunStatistics":{"ExecutedTests":35,"Stats":{"Passed":35}},"ActiveTests":[]},"RunAttachments":[],"ExecutorUris":["executor://nunit3testexecutor/"]}}
TpTrace Verbose: 0 : 22312, 12, 2024/05/03, 12:14:48.008, 2707407409656, vstest.console.dll, TestRequestSender.EndSession: Sending end session.
TpTrace Verbose: 0 : 22312, 12, 2024/05/03, 12:14:48.008, 2707407411596, vstest.console.dll, ProxyOperationManager.Close: waiting for test host to exit for 100 ms
TpTrace Warning: 0 : 22312, 11, 2024/05/03, 12:14:48.052, 2707407852157, vstest.console.dll, TestHostManagerCallbacks.ErrorReceivedCallback Test host standard error line: 
TpTrace Verbose: 0 : 22312, 11, 2024/05/03, 12:14:48.062, 2707407954155, vstest.console.dll, TestHostProvider.ExitCallBack: Host exited starting callback.
TpTrace Information: 0 : 22312, 11, 2024/05/03, 12:14:48.062, 2707407956297, vstest.console.dll, TestHostManagerCallbacks.ExitCallBack: Testhost processId: 11192 exited with exitcode: 0 error: ''
TpTrace Verbose: 0 : 22312, 11, 2024/05/03, 12:14:48.062, 2707407956724, vstest.console.dll, DotnetTestHostManager.OnHostExited: invoking OnHostExited callback
TpTrace Verbose: 0 : 22312, 11, 2024/05/03, 12:14:48.062, 2707407957194, vstest.console.dll, CrossPlatEngine.TestHostManagerHostExited: calling on client process exit callback.
TpTrace Information: 0 : 22312, 11, 2024/05/03, 12:14:48.062, 2707407957640, vstest.console.dll, TestRequestSender.OnClientProcessExit: Test host process exited. Standard error: 
TpTrace Information: 0 : 22312, 11, 2024/05/03, 12:14:48.062, 2707407957958, vstest.console.dll, SocketServer.Stop: Stop server endPoint: 127.0.0.1:63560
TpTrace Information: 0 : 22312, 11, 2024/05/03, 12:14:48.062, 2707407958297, vstest.console.dll, SocketServer.Stop: Cancellation requested. Stopping message loop.
TpTrace Information: 0 : 22312, 12, 2024/05/03, 12:14:48.063, 2707407958938, vstest.console.dll, SocketServer.Stop: Stop server endPoint: 127.0.0.1:63560
TpTrace Verbose: 0 : 22312, 11, 2024/05/03, 12:14:48.063, 2707407959232, vstest.console.dll, MulticastDelegateUtilities.SafeInvoke: HostProviderEvents.OnHostExited: Invoking callback 1/1 for Microsoft.VisualStudio.TestPlatform.CrossPlatEngine.Client.ProxyOperationManager., took 0 ms.
TpTrace Information: 0 : 22312, 12, 2024/05/03, 12:14:48.063, 2707407959977, vstest.console.dll, SocketServer.Stop: Cancellation requested. Stopping message loop.
TpTrace Information: 0 : 22312, 12, 2024/05/03, 12:14:48.063, 2707407961084, vstest.console.dll, Closing the connection
TpTrace Verbose: 0 : 22312, 12, 2024/05/03, 12:14:48.063, 2707407964253, vstest.console.dll, ProxyDataCollectionManager.InvokeDataCollectionServiceAction: Starting.
TpTrace Information: 0 : 22312, 12, 2024/05/03, 12:14:48.063, 2707407964809, vstest.console.dll, ProxyDataCollectionManager.AfterTestRunEnd: Get attachment set and invoked data collectors processId: 21300 port: 63557
TpTrace Verbose: 0 : 22312, 12, 2024/05/03, 12:14:48.063, 2707407965411, vstest.console.dll, DataCollectionRequestSender.SendAfterTestRunStartAndGetResult: Send AfterTestRunEnd message with isCancelled: False
TpTrace Verbose: 0 : 22312, 12, 2024/05/03, 12:14:48.075, 2707408078550, vstest.console.dll, DataCollectionRequestSender.SendAfterTestRunStartAndGetResult: Received message: (DataCollection.AfterTestRunEndResult) -> {"MessageType":"DataCollection.AfterTestRunEndResult","Payload":{"AttachmentSets":[],"InvokedDataCollectors":[{"Uri":"datacollector://Microsoft/TestPlatform/Extensions/Blame/v1","FriendlyName":"Blame","AssemblyQualifiedName":"Microsoft.TestPlatform.Extensions.BlameDataCollector.BlameCollector, Microsoft.TestPlatform.Extensions.BlameDataCollector, Version=15.0.0.0, Culture=neutral, PublicKeyToken=b03f5f7f11d50a3a","FilePath":"C:\\Program Files\\dotnet\\sdk\\7.0.102\\Extensions\\Microsoft.TestPlatform.Extensions.BlameDataCollector.dll","HasAttachmentProcessor":false}],"Metrics":{}}}
TpTrace Information: 0 : 22312, 12, 2024/05/03, 12:14:48.081, 2707408146244, vstest.console.dll, ProxyDataCollectionManager.InvokeDataCollectionServiceAction: Completed.
TpTrace Warning: 0 : 22312, 9, 2024/05/03, 12:14:48.097, 2707408305189, vstest.console.dll, DataCollectionLauncher.ErrorReceivedCallback datacollector standard error line: 
TpTrace Information: 0 : 22312, 9, 2024/05/03, 12:14:48.108, 2707408415852, vstest.console.dll, DataCollectionLauncher.ExitCallBack: Data collector exited with exitcode: 0 error: ''
TpTrace Verbose: 0 : 22312, 12, 2024/05/03, 12:14:48.132, 2707408650765, vstest.console.dll, TestRunRequest:SendTestRunStatsChange: Starting.
TpTrace Verbose: 0 : 22312, 12, 2024/05/03, 12:14:48.132, 2707408653052, vstest.console.dll, MulticastDelegateUtilities.SafeInvoke: TestRun.RunStatsChanged: Invoking callbacks was skipped because there are no subscribers.
TpTrace Information: 0 : 22312, 12, 2024/05/03, 12:14:48.132, 2707408653501, vstest.console.dll, TestRunRequest:SendTestRunStatsChange: Completed.
TpTrace Verbose: 0 : 22312, 4, 2024/05/03, 12:14:48.132, 2707408653968, vstest.console.dll, MulticastDelegateUtilities.SafeInvoke: InternalTestLoggerEvents.SendTestResult: Invoking callback 1/1 for Microsoft.VisualStudio.TestPlatform.CommandLine.Internal.ConsoleLogger., took 0 ms.
TpTrace Verbose: 0 : 22312, 4, 2024/05/03, 12:14:48.132, 2707408655074, vstest.console.dll, MulticastDelegateUtilities.SafeInvoke: InternalTestLoggerEvents.SendTestResult: Invoking callback 1/1 for Microsoft.VisualStudio.TestPlatform.CommandLine.Internal.ConsoleLogger., took 0 ms.
TpTrace Verbose: 0 : 22312, 4, 2024/05/03, 12:14:48.132, 2707408655502, vstest.console.dll, MulticastDelegateUtilities.SafeInvoke: InternalTestLoggerEvents.SendTestResult: Invoking callback 1/1 for Microsoft.VisualStudio.TestPlatform.CommandLine.Internal.ConsoleLogger., took 0 ms.
TpTrace Verbose: 0 : 22312, 4, 2024/05/03, 12:14:48.132, 2707408655832, vstest.console.dll, MulticastDelegateUtilities.SafeInvoke: InternalTestLoggerEvents.SendTestResult: Invoking callback 1/1 for Microsoft.VisualStudio.TestPlatform.CommandLine.Internal.ConsoleLogger., took 0 ms.
TpTrace Verbose: 0 : 22312, 4, 2024/05/03, 12:14:48.132, 2707408656140, vstest.console.dll, MulticastDelegateUtilities.SafeInvoke: InternalTestLoggerEvents.SendTestResult: Invoking callback 1/1 for Microsoft.VisualStudio.TestPlatform.CommandLine.Internal.ConsoleLogger., took 0 ms.
TpTrace Verbose: 0 : 22312, 4, 2024/05/03, 12:14:48.132, 2707408656512, vstest.console.dll, MulticastDelegateUtilities.SafeInvoke: InternalTestLoggerEvents.SendTestResult: Invoking callback 1/1 for Microsoft.VisualStudio.TestPlatform.CommandLine.Internal.ConsoleLogger., took 0 ms.
TpTrace Verbose: 0 : 22312, 4, 2024/05/03, 12:14:48.132, 2707408656868, vstest.console.dll, MulticastDelegateUtilities.SafeInvoke: InternalTestLoggerEvents.SendTestResult: Invoking callback 1/1 for Microsoft.VisualStudio.TestPlatform.CommandLine.Internal.ConsoleLogger., took 0 ms.
TpTrace Verbose: 0 : 22312, 4, 2024/05/03, 12:14:48.132, 2707408657161, vstest.console.dll, MulticastDelegateUtilities.SafeInvoke: InternalTestLoggerEvents.SendTestResult: Invoking callback 1/1 for Microsoft.VisualStudio.TestPlatform.CommandLine.Internal.ConsoleLogger., took 0 ms.
TpTrace Verbose: 0 : 22312, 12, 2024/05/03, 12:14:48.133, 2707408659166, vstest.console.dll, ParallelProxyExecutionManager: HandlePartialRunComplete: Total completed clients = 1, Run complete = True, Run canceled: False.
TpTrace Verbose: 0 : 22312, 4, 2024/05/03, 12:14:48.150, 2707408834448, vstest.console.dll, MulticastDelegateUtilities.SafeInvoke: InternalTestLoggerEvents.SendTestRunComplete: Invoking callback 1/2 for Microsoft.TestPlatform.Extensions.BlameDataCollector.BlameLogger., took 0 ms.
TpTrace Verbose: 0 : 22312, 4, 2024/05/03, 12:14:48.158, 2707408917592, vstest.console.dll, MulticastDelegateUtilities.SafeInvoke: InternalTestLoggerEvents.SendTestRunComplete: Invoking callback 2/2 for Microsoft.VisualStudio.TestPlatform.CommandLine.Internal.ConsoleLogger., took 8 ms.
TpTrace Verbose: 0 : 22312, 12, 2024/05/03, 12:14:48.159, 2707408922246, vstest.console.dll, TestRunRequest:TestRunComplete: Starting. IsAborted:False IsCanceled:False.
TpTrace Verbose: 0 : 22312, 12, 2024/05/03, 12:14:48.161, 2707408940122, vstest.console.dll, TestLoggerManager.HandleTestRunComplete: Ignoring as the object is disposed.
TpTrace Verbose: 0 : 22312, 12, 2024/05/03, 12:14:48.161, 2707408943150, vstest.console.dll, MulticastDelegateUtilities.SafeInvoke: TestRun.TestRunComplete: Invoking callback 1/2 for Microsoft.VisualStudio.TestPlatform.CommandLine.TestRunResultAggregator., took 0 ms.
TpTrace Verbose: 0 : 22312, 12, 2024/05/03, 12:14:48.161, 2707408945108, vstest.console.dll, MulticastDelegateUtilities.SafeInvoke: TestRun.TestRunComplete: Invoking callback 2/2 for Microsoft.VisualStudio.TestPlatform.CommandLine.Processors.RunTestsArgumentExecutor+TestRunRequestEventsRegistrar., took 0 ms.
TpTrace Information: 0 : 22312, 12, 2024/05/03, 12:14:48.161, 2707408946473, vstest.console.dll, TestRunRequest:TestRunComplete: Completed.
TpTrace Verbose: 0 : 22312, 12, 2024/05/03, 12:14:48.161, 2707408947075, vstest.console.dll, TestRequestSender.SetOperationComplete: Setting operation complete.
TpTrace Verbose: 0 : 22312, 1, 2024/05/03, 12:14:48.161, 2707408947128, vstest.console.dll, TestRunRequest.Dispose: Starting.
TpTrace Information: 0 : 22312, 12, 2024/05/03, 12:14:48.161, 2707408947599, vstest.console.dll, SocketServer.Stop: Stop server endPoint: 127.0.0.1:63560
TpTrace Information: 0 : 22312, 1, 2024/05/03, 12:14:48.161, 2707408948233, vstest.console.dll, TestRunRequest.Dispose: Completed.
TpTrace Information: 0 : 22312, 12, 2024/05/03, 12:14:48.162, 2707408948745, vstest.console.dll, SocketServer.Stop: Cancellation requested. Stopping message loop.
TpTrace Verbose: 0 : 22312, 12, 2024/05/03, 12:14:48.162, 2707408949303, vstest.console.dll, MulticastDelegateUtilities.SafeInvoke: LengthPrefixCommunicationChannel: MessageReceived: Invoking callback 1/1 for Microsoft.VisualStudio.TestPlatform.CommunicationUtilities.TestRequestSender+<>c__DisplayClass31_0., took 154 ms.
TpTrace Information: 0 : 22312, 1, 2024/05/03, 12:14:48.162, 2707408949401, vstest.console.dll, TestRequestManager.RunTests: run tests completed.
TpTrace Information: 0 : 22312, 12, 2024/05/03, 12:14:48.162, 2707408949868, vstest.console.dll, SocketServer.PrivateStop: Stopping server endPoint: 127.0.0.1:63560 error: 
TpTrace Information: 0 : 22312, 1, 2024/05/03, 12:14:48.162, 2707408950755, vstest.console.dll, RunTestsArgumentProcessor:Execute: Test run is completed.
TpTrace Verbose: 0 : 22312, 1, 2024/05/03, 12:14:48.162, 2707408952982, vstest.console.dll, Executor.Execute: Exiting with exit code of 0
TpTrace Verbose: 0 : 22312, 12, 2024/05/03, 12:14:48.162, 2707408955338, vstest.console.dll, LengthPrefixCommunicationChannel.Dispose: Dispose reader and writer.
TpTrace Information: 0 : 22312, 12, 2024/05/03, 12:14:48.162, 2707408956198, vstest.console.dll, SocketServer.Stop: Raise disconnected event endPoint: 127.0.0.1:63560 error: 
TpTrace Verbose: 0 : 22312, 12, 2024/05/03, 12:14:48.162, 2707408956810, vstest.console.dll, TestRequestSender: OnTestRunAbort: Operation is already complete. Skip error message.
TpTrace Verbose: 0 : 22312, 12, 2024/05/03, 12:14:48.162, 2707408957157, vstest.console.dll, MulticastDelegateUtilities.SafeInvoke: SocketServer: ClientDisconnected: Invoking callback 1/1 for Microsoft.VisualStudio.TestPlatform.CommunicationUtilities.TestRequestSender., took 0 ms.
TpTrace Verbose: 0 : 22312, 12, 2024/05/03, 12:14:48.162, 2707408957411, vstest.console.dll, TcpClientExtensions.MessageLoopAsync: exiting MessageLoopAsync remoteEndPoint: 127.0.0.1:63561 localEndPoint: 127.0.0.1:63560
